Using pre-set license
Built from '2023.1/staging' branch; Version is '2023.1.0b17 (b4ceadc1ee4d) revision 11849389'; Using compiler version '192829333'; Build Type 'Release'
OS: 'Windows 11  (10.0.22621) 64bit Professional' Language: 'pt' Physical Memory: 16163 MB
BatchMode: 1, IsHumanControllingUs: 0, StartBugReporterOnCrash: 0, Is64bit: 1, IsPro: 1

COMMAND LINE ARGUMENTS:
C:\Program Files\Unity\Hub\Editor\2023.1.0b17\Editor\Unity.exe
-adb2
-batchMode
-noUpm
-name
AssetImportWorker6
-projectPath
C:/Users/david/Tales of Forgor/Game Project
-logFile
Logs/AssetImportWorker6.log
-srvPort
55891
Successfully changed project path to: C:/Users/david/Tales of Forgor/Game Project
C:/Users/david/Tales of Forgor/Game Project
[UnityMemory] Configuration Parameters - Can be set up in boot.config
    "memorysetup-bucket-allocator-granularity=16"
    "memorysetup-bucket-allocator-bucket-count=8"
    "memorysetup-bucket-allocator-block-size=33554432"
    "memorysetup-bucket-allocator-block-count=8"
    "memorysetup-main-allocator-block-size=16777216"
    "memorysetup-thread-allocator-block-size=16777216"
    "memorysetup-gfx-main-allocator-block-size=16777216"
    "memorysetup-gfx-thread-allocator-block-size=16777216"
    "memorysetup-cache-allocator-block-size=4194304"
    "memorysetup-typetree-allocator-block-size=2097152"
    "memorysetup-profiler-bucket-allocator-granularity=16"
    "memorysetup-profiler-bucket-allocator-bucket-count=8"
    "memorysetup-profiler-bucket-allocator-block-size=33554432"
    "memorysetup-profiler-bucket-allocator-block-count=8"
    "memorysetup-profiler-allocator-block-size=16777216"
    "memorysetup-profiler-editor-allocator-block-size=1048576"
    "memorysetup-temp-allocator-size-main=16777216"
    "memorysetup-job-temp-allocator-block-size=2097152"
    "memorysetup-job-temp-allocator-block-size-background=1048576"
    "memorysetup-job-temp-allocator-reduction-small-platforms=262144"
    "memorysetup-temp-allocator-size-background-worker=32768"
    "memorysetup-temp-allocator-size-job-worker=262144"
    "memorysetup-temp-allocator-size-preload-manager=33554432"
    "memorysetup-temp-allocator-size-nav-mesh-worker=65536"
    "memorysetup-temp-allocator-size-audio-worker=65536"
    "memorysetup-temp-allocator-size-cloud-worker=32768"
    "memorysetup-temp-allocator-size-gi-baking-worker=262144"
    "memorysetup-temp-allocator-size-gfx=262144"
Player connection [14100] Host "[IP] 192.168.56.1 [Port] 0 [Flags] 2 [Guid] 1275638946 [EditorId] 1275638946 [Version] 1048832 [Id] WindowsEditor(7,LAPTOP-DAVID) [Debug] 1 [PackageName] WindowsEditor [ProjectName] Editor" joined multi-casting on [225.0.0.222:54997]...

Player connection [14100] Host "[IP] 192.168.56.1 [Port] 0 [Flags] 2 [Guid] 1275638946 [EditorId] 1275638946 [Version] 1048832 [Id] WindowsEditor(7,LAPTOP-DAVID) [Debug] 1 [PackageName] WindowsEditor [ProjectName] Editor" joined alternative multi-casting on [225.0.0.222:34997]...

Library Redirect Path: Library/Refreshing native plugins compatible for Editor in 7.97 ms, found 4 plugins.
Preloading 0 native plugins for Editor in 0.00 ms.
Initialize engine version: 2023.1.0b17 (b4ceadc1ee4d)
[Subsystems] Discovering subsystems at path C:/Program Files/Unity/Hub/Editor/2023.1.0b17/Editor/Data/Resources/UnitySubsystems
[Subsystems] Discovering subsystems at path C:/Users/david/Tales of Forgor/Game Project/Assets
GfxDevice: creating device client; threaded=0; jobified=0
Direct3D:
    Version:  Direct3D 11.0 [level 11.1]
    Renderer: NVIDIA GeForce RTX 3060 Laptop GPU (ID=0x2520)
    Vendor:   NVIDIA
    VRAM:     6009 MB
    Driver:   31.0.15.3179
Initialize mono
Mono path[0] = 'C:/Program Files/Unity/Hub/Editor/2023.1.0b17/Editor/Data/Managed'
Mono path[1] = 'C:/Program Files/Unity/Hub/Editor/2023.1.0b17/Editor/Data/MonoBleedingEdge/lib/mono/unityjit-win32'
Mono config path = 'C:/Program Files/Unity/Hub/Editor/2023.1.0b17/Editor/Data/MonoBleedingEdge/etc'
Using monoOptions --debugger-agent=transport=dt_socket,embedding=1,server=y,suspend=n,address=127.0.0.1:56168
Begin MonoManager ReloadAssembly
C:\build\output\Unity-Technologies\mono\mono\metadata\icall.c:1842:
C:\build\output\Unity-Technologies\mono\mono\metadata\icall.c:1842:
C:\build\output\Unity-Technologies\mono\mono\metadata\icall.c:1842:
C:\build\output\Unity-Technologies\mono\mono\metadata\icall.c:1842:
C:\build\output\Unity-Technologies\mono\mono\metadata\icall.c:1842:
C:\build\output\Unity-Technologies\mono\mono\metadata\icall.c:1842:
C:\build\output\Unity-Technologies\mono\mono\metadata\icall.c:1842:
C:\build\output\Unity-Technologies\mono\mono\metadata\icall.c:1842:
C:\build\output\Unity-Technologies\mono\mono\metadata\icall.c:1842:
C:\build\output\Unity-Technologies\mono\mono\metadata\icall.c:1842:
Registering precompiled unity dll's ...
Register platform support module: C:/Program Files/Unity/Hub/Editor/2023.1.0b17/Editor/Data/PlaybackEngines/WindowsStandaloneSupport/UnityEditor.WindowsStandalone.Extensions.dll
Registered in 0.002479 seconds.
- Loaded All Assemblies, in  0.309 seconds
Native extension for WindowsStandalone target not found
Mono: successfully reloaded assembly
C:\build\output\Unity-Technologies\mono\mono\metadata\icall.c:1842:
C:\build\output\Unity-Technologies\mono\mono\metadata\icall.c:1842:
- Finished resetting the current domain, in  0.231 seconds
Domain Reload Profiling: 539ms
	BeginReloadAssembly (99ms)
		ExecutionOrderSort (0ms)
		DisableScriptedObjects (0ms)
		BackupInstance (0ms)
		ReleaseScriptingObjects (0ms)
		CreateAndSetChildDomain (1ms)
	RebuildCommonClasses (33ms)
	RebuildNativeTypeToScriptingClass (10ms)
	initialDomainReloadingComplete (40ms)
	LoadAllAssembliesAndSetupDomain (126ms)
		LoadAssemblies (97ms)
		RebuildTransferFunctionScriptingTraits (0ms)
		AnalyzeDomain (123ms)
			TypeCache.Refresh (122ms)
				TypeCache.ScanAssembly (112ms)
			ScanForSourceGeneratedMonoScriptInfo (0ms)
			ResolveRequiredComponents (0ms)
	FinalizeReload (231ms)
		ReleaseScriptCaches (0ms)
		RebuildScriptCaches (0ms)
		SetupLoadedEditorAssemblies (194ms)
			LogAssemblyErrors (0ms)
			InitializePlatformSupportModulesInManaged (7ms)
			SetLoadedEditorAssemblies (5ms)
			BeforeProcessingInitializeOnLoad (6ms)
			ProcessInitializeOnLoadAttributes (138ms)
			ProcessInitializeOnLoadMethodAttributes (38ms)
			AfterProcessingInitializeOnLoad (0ms)
			EditorAssembliesLoaded (0ms)
		ExecutionOrderSort2 (0ms)
		AwakeInstancesAfterBackupRestoration (0ms)
========================================================================
Worker process is ready to serve import requests
Import Worker Mode flag is 0x00
Begin MonoManager ReloadAssembly
C:\build\output\Unity-Technologies\mono\mono\metadata\icall.c:1842:
C:\build\output\Unity-Technologies\mono\mono\metadata\icall.c:1842:
C:\build\output\Unity-Technologies\mono\mono\metadata\icall.c:1842:
C:\build\output\Unity-Technologies\mono\mono\metadata\icall.c:1842:
C:\build\output\Unity-Technologies\mono\mono\metadata\icall.c:1842:
C:\build\output\Unity-Technologies\mono\mono\metadata\icall.c:1842:
C:\build\output\Unity-Technologies\mono\mono\metadata\icall.c:1842:
C:\build\output\Unity-Technologies\mono\mono\metadata\icall.c:1842:
C:\build\output\Unity-Technologies\mono\mono\metadata\icall.c:1842:
C:\build\output\Unity-Technologies\mono\mono\metadata\icall.c:1842:
C:\build\output\Unity-Technologies\mono\mono\metadata\icall.c:1842:
C:\build\output\Unity-Technologies\mono\mono\metadata\icall.c:1842:
Symbol file LoadedFromMemory doesn't match image C:\Users\david\Tales of Forgor\Game Project\Library\PackageCache\com.unity.visualscripting@1.8.0\Editor\VisualScripting.Core\Dependencies\YamlDotNet\Unity.VisualScripting.YamlDotNet.dll
Symbol file LoadedFromMemory doesn't match image C:\Users\david\Tales of Forgor\Game Project\Library\PackageCache\com.unity.visualscripting@1.8.0\Editor\VisualScripting.Core\Dependencies\DotNetZip\Unity.VisualScripting.IonicZip.dll
- Loaded All Assemblies, in  0.759 seconds
Refreshing native plugins compatible for Editor in 2.87 ms, found 4 plugins.
Native extension for WindowsStandalone target not found
Mono: successfully reloaded assembly
- Finished resetting the current domain, in  0.597 seconds
Domain Reload Profiling: 1353ms
	BeginReloadAssembly (231ms)
		ExecutionOrderSort (0ms)
		DisableScriptedObjects (5ms)
		BackupInstance (0ms)
		ReleaseScriptingObjects (0ms)
		CreateAndSetChildDomain (27ms)
	RebuildCommonClasses (29ms)
	RebuildNativeTypeToScriptingClass (10ms)
	initialDomainReloadingComplete (33ms)
	LoadAllAssembliesAndSetupDomain (453ms)
		LoadAssemblies (254ms)
		RebuildTransferFunctionScriptingTraits (0ms)
		AnalyzeDomain (268ms)
			TypeCache.Refresh (238ms)
				TypeCache.ScanAssembly (227ms)
			ScanForSourceGeneratedMonoScriptInfo (20ms)
			ResolveRequiredComponents (10ms)
	FinalizeReload (598ms)
		ReleaseScriptCaches (0ms)
		RebuildScriptCaches (0ms)
		SetupLoadedEditorAssemblies (360ms)
			LogAssemblyErrors (0ms)
			InitializePlatformSupportModulesInManaged (4ms)
			SetLoadedEditorAssemblies (3ms)
			BeforeProcessingInitializeOnLoad (75ms)
			ProcessInitializeOnLoadAttributes (247ms)
			ProcessInitializeOnLoadMethodAttributes (28ms)
			AfterProcessingInitializeOnLoad (3ms)
			EditorAssembliesLoaded (0ms)
		ExecutionOrderSort2 (0ms)
		AwakeInstancesAfterBackupRestoration (6ms)
Launched and connected shader compiler UnityShaderCompiler.exe after 0.01 seconds
Refreshing native plugins compatible for Editor in 2.52 ms, found 4 plugins.
Preloading 0 native plugins for Editor in 0.00 ms.
Unloading 5788 Unused Serialized files (Serialized files now loaded: 0)
Unloading 89 unused Assets / (1.5 MB). Loaded Objects now: 6327.
Memory consumption went from 229.7 MB to 228.2 MB.
Total: 4.421100 ms (FindLiveObjects: 0.380900 ms CreateObjectMapping: 0.236800 ms MarkObjects: 3.488900 ms  DeleteObjects: 0.313700 ms)

AssetImportParameters requested are different than current active one (requested -> active):
  custom:video-decoder-webm-vp8: 9c59270c3fd7afecdb556c50c9e8de78 -> 
  custom:audio-encoder-webm-vorbis: bf7c407c2cedff20999df2af8eb42d56 -> 
  custom:AudioImporter_EditorPlatform: d09bf68614088b80899f8185d706f6e7 -> 
  custom:audio-decoder-ogg-vorbis: bf7c407c2cedff20999df2af8eb42d56 -> 
  custom:video-encoder-webm-vp8: eb34c28f22e8b96e1ab97ce403110664 -> 
  custom:container-demuxer-ogg: 62fdf1f143b41e24485cea50d1cbac27 -> 
  custom:framework-win-MediaFoundation: 216162199b28c13a410421893ffa2e32 -> 
  custom:video-decoder-ogg-theora: a1e56fd34408186e4bbccfd4996cb3dc -> 
  custom:container-muxer-webm: aa71ff27fc2769a1b78a27578f13a17b -> 
  custom:video-codec-MediaFoundation-h265: 746d11721c4dcdbdad8f713fa42b33f4 -> 
  custom:container-demuxer-webm: 4f35f7cbe854078d1ac9338744f61a02 -> 
========================================================================
Received Import Request.
  Time since last request: 239500.709405 seconds.
  path: Assets/TileMaps/Spikes/Spike_0.asset
  artifactKey: Guid(85724ce698662a94d8a69427afbb6bed) Importer(815301076,1909f56bfc062723c751e8b465ee728b)
Start importing Assets/TileMaps/Spikes/Spike_0.asset using Guid(85724ce698662a94d8a69427afbb6bed) Importer(815301076,1909f56bfc062723c751e8b465ee728b)  -> (artifact id: '32d35f76b70b2c23e8922f9f30e70d1a') in 0.072883 seconds
Number of updated asset objects reloaded before import = 0
Number of asset objects unloaded after import = 3
========================================================================
Received Import Request.
  Time since last request: 65.398347 seconds.
  path: Assets/TileMaps/Spikes/Spike.png
  artifactKey: Guid(a9b3ff516c522b04d820e413b340f701) Importer(815301076,1909f56bfc062723c751e8b465ee728b)
Start importing Assets/TileMaps/Spikes/Spike.png using Guid(a9b3ff516c522b04d820e413b340f701) Importer(815301076,1909f56bfc062723c751e8b465ee728b)  -> (artifact id: 'bc0d51b44586b6046c239061132a4bcb') in 0.045940 seconds
Number of updated asset objects reloaded before import = 0
Number of asset objects unloaded after import = 6
========================================================================
Received Import Request.
  Time since last request: 73.617490 seconds.
  path: Assets/TileMaps/Spikes/Spikes.prefab
  artifactKey: Guid(2375f294297eb4248985601b32d773e2) Importer(815301076,1909f56bfc062723c751e8b465ee728b)
Start importing Assets/TileMaps/Spikes/Spikes.prefab using Guid(2375f294297eb4248985601b32d773e2) Importer(815301076,1909f56bfc062723c751e8b465ee728b)  -> (artifact id: '020bc0cc062734c8c2acb8c58adb974f') in 0.221480 seconds
Number of updated asset objects reloaded before import = 0
Number of asset objects unloaded after import = 12
========================================================================
Received Import Request.
  Time since last request: 6.123188 seconds.
  path: Assets/TileMaps/Spikes/Spike_2.asset
  artifactKey: Guid(dcd219976cf7746458bb5230e60ec358) Importer(815301076,1909f56bfc062723c751e8b465ee728b)
Start importing Assets/TileMaps/Spikes/Spike_2.asset using Guid(dcd219976cf7746458bb5230e60ec358) Importer(815301076,1909f56bfc062723c751e8b465ee728b)  -> (artifact id: 'e5e40ebe9966ae42d9b4f4130c88a187') in 0.014871 seconds
Number of updated asset objects reloaded before import = 0
Number of asset objects unloaded after import = 3
========================================================================
Received Import Request.
  Time since last request: 0.000026 seconds.
  path: Assets/TileMaps/Spikes/Spikes.prefab
  artifactKey: Guid(2375f294297eb4248985601b32d773e2) Importer(815301076,1909f56bfc062723c751e8b465ee728b)
Start importing Assets/TileMaps/Spikes/Spikes.prefab using Guid(2375f294297eb4248985601b32d773e2) Importer(815301076,1909f56bfc062723c751e8b465ee728b)  -> (artifact id: '4f23bcd8a7d5ee39b5706688378e5c5c') in 0.018556 seconds
Number of updated asset objects reloaded before import = 0
Number of asset objects unloaded after import = 20
========================================================================
Received Import Request.
  Time since last request: 29.028198 seconds.
  path: Assets/TileMaps/Spikes/Spikes.prefab
  artifactKey: Guid(2375f294297eb4248985601b32d773e2) Importer(815301076,1909f56bfc062723c751e8b465ee728b)
Start importing Assets/TileMaps/Spikes/Spikes.prefab using Guid(2375f294297eb4248985601b32d773e2) Importer(815301076,1909f56bfc062723c751e8b465ee728b)  -> (artifact id: '84f04dd7b4e7b4294d83bdffd30dd2f0') in 0.012803 seconds
Number of updated asset objects reloaded before import = 0
Number of asset objects unloaded after import = 11
========================================================================
Received Import Request.
  Time since last request: 24.010800 seconds.
  path: Assets/TileMaps/Spikes/Spikes.prefab
  artifactKey: Guid(2375f294297eb4248985601b32d773e2) Importer(815301076,1909f56bfc062723c751e8b465ee728b)
Start importing Assets/TileMaps/Spikes/Spikes.prefab using Guid(2375f294297eb4248985601b32d773e2) Importer(815301076,1909f56bfc062723c751e8b465ee728b)  -> (artifact id: '667f4c94f50b8ea6dc29918338f7d644') in 0.015267 seconds
Number of updated asset objects reloaded before import = 0
Number of asset objects unloaded after import = 11
========================================================================
Received Import Request.
  Time since last request: 3.181365 seconds.
  path: Assets/Spike_0.asset
  artifactKey: Guid(bb90c839040dd4e46aab15e3d3383a7d) Importer(815301076,1909f56bfc062723c751e8b465ee728b)
Start importing Assets/Spike_0.asset using Guid(bb90c839040dd4e46aab15e3d3383a7d) Importer(815301076,1909f56bfc062723c751e8b465ee728b)  -> (artifact id: '65de74d387bc96713786ce65ce1047c4') in 0.020062 seconds
Number of updated asset objects reloaded before import = 0
Number of asset objects unloaded after import = 3
========================================================================
Received Import Request.
  Time since last request: 0.000055 seconds.
  path: Assets/Spike_3.asset
  artifactKey: Guid(7ec374765e7b00e41846b6e40409e1f0) Importer(815301076,1909f56bfc062723c751e8b465ee728b)
Start importing Assets/Spike_3.asset using Guid(7ec374765e7b00e41846b6e40409e1f0) Importer(815301076,1909f56bfc062723c751e8b465ee728b)  -> (artifact id: '0c48ad18a3dac9c81b9ce2091409d3e9') in 0.006886 seconds
Number of updated asset objects reloaded before import = 0
Number of asset objects unloaded after import = 3
========================================================================
Received Import Request.
  Time since last request: 14.533756 seconds.
  path: Assets/TileMaps/Spikes/Spikes.prefab
  artifactKey: Guid(2375f294297eb4248985601b32d773e2) Importer(815301076,1909f56bfc062723c751e8b465ee728b)
Start importing Assets/TileMaps/Spikes/Spikes.prefab using Guid(2375f294297eb4248985601b32d773e2) Importer(815301076,1909f56bfc062723c751e8b465ee728b)  -> (artifact id: '6ec71e322a6df4e322e30783092bdddd') in 0.007440 seconds
Number of updated asset objects reloaded before import = 0
Number of asset objects unloaded after import = 11
========================================================================
Received Import Request.
  Time since last request: 3.947567 seconds.
  path: Assets/TileMaps/Spikes/Spikes.prefab
  artifactKey: Guid(2375f294297eb4248985601b32d773e2) Importer(815301076,1909f56bfc062723c751e8b465ee728b)
Start importing Assets/TileMaps/Spikes/Spikes.prefab using Guid(2375f294297eb4248985601b32d773e2) Importer(815301076,1909f56bfc062723c751e8b465ee728b)  -> (artifact id: 'd731d40c663510c2451dd962baca5372') in 0.014722 seconds
Number of updated asset objects reloaded before import = 0
Number of asset objects unloaded after import = 14
========================================================================
Received Import Request.
  Time since last request: 17.589734 seconds.
  path: Assets/TileMaps/Spikes/Spike.png
  artifactKey: Guid(a9b3ff516c522b04d820e413b340f701) Importer(815301076,1909f56bfc062723c751e8b465ee728b)
Start importing Assets/TileMaps/Spikes/Spike.png using Guid(a9b3ff516c522b04d820e413b340f701) Importer(815301076,1909f56bfc062723c751e8b465ee728b)  -> (artifact id: '5315f8afd9bf4ef2d338e66bf6234d76') in 0.023567 seconds
Number of updated asset objects reloaded before import = 0
Number of asset objects unloaded after import = 6
========================================================================
Received Import Request.
  Time since last request: 0.000023 seconds.
  path: Assets/TileMaps/Spikes/Spikes.prefab
  artifactKey: Guid(2375f294297eb4248985601b32d773e2) Importer(815301076,1909f56bfc062723c751e8b465ee728b)
Start importing Assets/TileMaps/Spikes/Spikes.prefab using Guid(2375f294297eb4248985601b32d773e2) Importer(815301076,1909f56bfc062723c751e8b465ee728b)  -> (artifact id: '6502ebf0fa8955975c1c07e94dfcb4b1') in 0.016400 seconds
Number of updated asset objects reloaded before import = 0
Number of asset objects unloaded after import = 14
========================================================================
Received Import Request.
  Time since last request: 10.665222 seconds.
  path: Assets/TileMaps/Spikes/Spike.png
  artifactKey: Guid(a9b3ff516c522b04d820e413b340f701) Importer(815301076,1909f56bfc062723c751e8b465ee728b)
Start importing Assets/TileMaps/Spikes/Spike.png using Guid(a9b3ff516c522b04d820e413b340f701) Importer(815301076,1909f56bfc062723c751e8b465ee728b)  -> (artifact id: '9cc6da3f5414bf31e76a01bfd197c15b') in 0.042113 seconds
Number of updated asset objects reloaded before import = 0
Number of asset objects unloaded after import = 6
========================================================================
Received Import Request.
  Time since last request: 30.376441 seconds.
  path: Assets/Spikes.prefab
  artifactKey: Guid(d3bfbf9dd7905144d887575127f14790) Importer(815301076,1909f56bfc062723c751e8b465ee728b)
Start importing Assets/Spikes.prefab using Guid(d3bfbf9dd7905144d887575127f14790) Importer(815301076,1909f56bfc062723c751e8b465ee728b)  -> (artifact id: 'b425bcab0fdab789db26e5f1c0d71e7b') in 0.014727 seconds
Number of updated asset objects reloaded before import = 0
Number of asset objects unloaded after import = 11
========================================================================
Received Import Request.
  Time since last request: 6.601789 seconds.
  path: Assets/Spikes.prefab
  artifactKey: Guid(d3bfbf9dd7905144d887575127f14790) Importer(815301076,1909f56bfc062723c751e8b465ee728b)
Start importing Assets/Spikes.prefab using Guid(d3bfbf9dd7905144d887575127f14790) Importer(815301076,1909f56bfc062723c751e8b465ee728b)  -> (artifact id: 'db51d0c6e96189f76f37ed5d2041a27d') in 0.015676 seconds
Number of updated asset objects reloaded before import = 0
Number of asset objects unloaded after import = 20
========================================================================
Received Import Request.
  Time since last request: 32.729085 seconds.
  path: Assets/Spike_0.asset
  artifactKey: Guid(bb90c839040dd4e46aab15e3d3383a7d) Importer(815301076,1909f56bfc062723c751e8b465ee728b)
Start importing Assets/Spike_0.asset using Guid(bb90c839040dd4e46aab15e3d3383a7d) Importer(815301076,1909f56bfc062723c751e8b465ee728b)  -> (artifact id: 'ce19b214a000ebb1e8169772cc277cab') in 0.002998 seconds
Number of updated asset objects reloaded before import = 0
Number of asset objects unloaded after import = 1
========================================================================
Received Import Request.
  Time since last request: 0.000029 seconds.
  path: Assets/Spike_4.asset
  artifactKey: Guid(1a49e0188e0be514f8a57cc90048995f) Importer(815301076,1909f56bfc062723c751e8b465ee728b)
Start importing Assets/Spike_4.asset using Guid(1a49e0188e0be514f8a57cc90048995f) Importer(815301076,1909f56bfc062723c751e8b465ee728b)  -> (artifact id: 'e5e081abae770ad994c78c4180c9c69b') in 0.002688 seconds
Number of updated asset objects reloaded before import = 0
Number of asset objects unloaded after import = 1
========================================================================
Received Import Request.
  Time since last request: 0.000071 seconds.
  path: Assets/Spikes.prefab
  artifactKey: Guid(d3bfbf9dd7905144d887575127f14790) Importer(815301076,1909f56bfc062723c751e8b465ee728b)
Start importing Assets/Spikes.prefab using Guid(d3bfbf9dd7905144d887575127f14790) Importer(815301076,1909f56bfc062723c751e8b465ee728b)  -> (artifact id: 'dcaca417f056e4f87ea3ba5b6e250d66') in 0.016286 seconds
Number of updated asset objects reloaded before import = 0
Number of asset objects unloaded after import = 15
========================================================================
Received Import Request.
  Time since last request: 95.337579 seconds.
  path: Assets/Spike_2.asset
  artifactKey: Guid(229e1ce0dc40e4e47a15aebf4237df69) Importer(815301076,1909f56bfc062723c751e8b465ee728b)
Start importing Assets/Spike_2.asset using Guid(229e1ce0dc40e4e47a15aebf4237df69) Importer(815301076,1909f56bfc062723c751e8b465ee728b)  -> (artifact id: 'acc5c901112d4fed643322a624d21804') in 0.008682 seconds
Number of updated asset objects reloaded before import = 0
Number of asset objects unloaded after import = 3
========================================================================
Received Import Request.
  Time since last request: 0.000051 seconds.
  path: Assets/Spike_4.asset
  artifactKey: Guid(1a49e0188e0be514f8a57cc90048995f) Importer(815301076,1909f56bfc062723c751e8b465ee728b)
Start importing Assets/Spike_4.asset using Guid(1a49e0188e0be514f8a57cc90048995f) Importer(815301076,1909f56bfc062723c751e8b465ee728b)  -> (artifact id: '53b3d75bc68dc9eda7de5da1a9583ad1') in 0.008034 seconds
Number of updated asset objects reloaded before import = 0
Number of asset objects unloaded after import = 3
========================================================================
Received Import Request.
  Time since last request: 0.000033 seconds.
  path: Assets/TileMaps/Spikes/Spikes.prefab
  artifactKey: Guid(2375f294297eb4248985601b32d773e2) Importer(815301076,1909f56bfc062723c751e8b465ee728b)
Start importing Assets/TileMaps/Spikes/Spikes.prefab using Guid(2375f294297eb4248985601b32d773e2) Importer(815301076,1909f56bfc062723c751e8b465ee728b)  -> (artifact id: '6c45eb604f48f042a4caf5837ce46ff8') in 0.018828 seconds
Number of updated asset objects reloaded before import = 0
Number of asset objects unloaded after import = 20
========================================================================
Received Import Request.
  Time since last request: 55.245445 seconds.
  path: Assets/TileMaps/Spikes/Spike_2.asset
  artifactKey: Guid(dcd219976cf7746458bb5230e60ec358) Importer(815301076,1909f56bfc062723c751e8b465ee728b)
Start importing Assets/TileMaps/Spikes/Spike_2.asset using Guid(dcd219976cf7746458bb5230e60ec358) Importer(815301076,1909f56bfc062723c751e8b465ee728b)  -> (artifact id: 'f3cf285f0eb407745f1a6efdf60e397a') in 0.009838 seconds
Number of updated asset objects reloaded before import = 0
Number of asset objects unloaded after import = 3
========================================================================
Received Import Request.
  Time since last request: 0.000035 seconds.
  path: Assets/TileMaps/Spikes/Spike_4.asset
  artifactKey: Guid(0d02e5723e5c4074abd7abdf9219cda2) Importer(815301076,1909f56bfc062723c751e8b465ee728b)
Start importing Assets/TileMaps/Spikes/Spike_4.asset using Guid(0d02e5723e5c4074abd7abdf9219cda2) Importer(815301076,1909f56bfc062723c751e8b465ee728b)  -> (artifact id: '86bbfdf6583fed83089cf65f30bc9a9c') in 0.005950 seconds
Number of updated asset objects reloaded before import = 0
Number of asset objects unloaded after import = 3
========================================================================
Received Import Request.
  Time since last request: 42.739521 seconds.
  path: Assets/TileMaps/Spikes/Spike_0.asset
  artifactKey: Guid(85724ce698662a94d8a69427afbb6bed) Importer(815301076,1909f56bfc062723c751e8b465ee728b)
Start importing Assets/TileMaps/Spikes/Spike_0.asset using Guid(85724ce698662a94d8a69427afbb6bed) Importer(815301076,1909f56bfc062723c751e8b465ee728b)  -> (artifact id: '02fe52d0d6d7d207b35aeecb2f423055') in 0.011019 seconds
Number of updated asset objects reloaded before import = 0
Number of asset objects unloaded after import = 3
========================================================================
Received Import Request.
  Time since last request: 0.000032 seconds.
  path: Assets/TileMaps/Spikes/Spike_3.asset
  artifactKey: Guid(40c5d39560ebded49952a2dcd4ddc11f) Importer(815301076,1909f56bfc062723c751e8b465ee728b)
Start importing Assets/TileMaps/Spikes/Spike_3.asset using Guid(40c5d39560ebded49952a2dcd4ddc11f) Importer(815301076,1909f56bfc062723c751e8b465ee728b)  -> (artifact id: '75d81ab977260a80ca162a7afd4dddd6') in 0.005921 seconds
Number of updated asset objects reloaded before import = 0
Number of asset objects unloaded after import = 3
========================================================================
Received Import Request.
  Time since last request: 105.208489 seconds.
  path: Assets/TileMaps/Spikes/Spike_1.asset
  artifactKey: Guid(7862b399bdc4b9f4a90152d21db5362c) Importer(815301076,1909f56bfc062723c751e8b465ee728b)
Start importing Assets/TileMaps/Spikes/Spike_1.asset using Guid(7862b399bdc4b9f4a90152d21db5362c) Importer(815301076,1909f56bfc062723c751e8b465ee728b)  -> (artifact id: 'dddc9474d3e08bbcaac70ef10894ea0e') in 0.002351 seconds
Number of updated asset objects reloaded before import = 0
Number of asset objects unloaded after import = 1
========================================================================
Received Import Request.
  Time since last request: 17.218878 seconds.
  path: Assets/TileMaps/Spikes/Spike_2.asset
  artifactKey: Guid(dcd219976cf7746458bb5230e60ec358) Importer(815301076,1909f56bfc062723c751e8b465ee728b)
Start importing Assets/TileMaps/Spikes/Spike_2.asset using Guid(dcd219976cf7746458bb5230e60ec358) Importer(815301076,1909f56bfc062723c751e8b465ee728b)  -> (artifact id: 'e6b5217d8095504ec4e18f8740f791a8') in 0.005785 seconds
Number of updated asset objects reloaded before import = 0
Number of asset objects unloaded after import = 3
========================================================================
Received Import Request.
  Time since last request: 0.000023 seconds.
  path: Assets/TileMaps/Spikes/Spike_4.asset
  artifactKey: Guid(0d02e5723e5c4074abd7abdf9219cda2) Importer(815301076,1909f56bfc062723c751e8b465ee728b)
Start importing Assets/TileMaps/Spikes/Spike_4.asset using Guid(0d02e5723e5c4074abd7abdf9219cda2) Importer(815301076,1909f56bfc062723c751e8b465ee728b)  -> (artifact id: '3e742d7ee19cf5d219e49489b5543a40') in 0.006851 seconds
Number of updated asset objects reloaded before import = 0
Number of asset objects unloaded after import = 3
========================================================================
Received Import Request.
  Time since last request: 33.572483 seconds.
  path: Assets/TileMaps/Spikes/New Tile Palette.prefab
  artifactKey: Guid(bcbcfbef42263004980fff1931feefbb) Importer(815301076,1909f56bfc062723c751e8b465ee728b)
Start importing Assets/TileMaps/Spikes/New Tile Palette.prefab using Guid(bcbcfbef42263004980fff1931feefbb) Importer(815301076,1909f56bfc062723c751e8b465ee728b)  -> (artifact id: '04d536e246329e9786ab076acb7ba588') in 0.017149 seconds
Number of updated asset objects reloaded before import = 0
Number of asset objects unloaded after import = 20
========================================================================
Received Import Request.
  Time since last request: 0.000029 seconds.
  path: Assets/TileMaps/Spikes/Spike_4.asset
  artifactKey: Guid(0d02e5723e5c4074abd7abdf9219cda2) Importer(815301076,1909f56bfc062723c751e8b465ee728b)
Start importing Assets/TileMaps/Spikes/Spike_4.asset using Guid(0d02e5723e5c4074abd7abdf9219cda2) Importer(815301076,1909f56bfc062723c751e8b465ee728b)  -> (artifact id: '7efa511c2c80f603ae6d6765d4e49bc2') in 0.006609 seconds
Number of updated asset objects reloaded before import = 0
Number of asset objects unloaded after import = 3
========================================================================
Received Import Request.
  Time since last request: 0.000025 seconds.
  path: Assets/TileMaps/Spikes/Spike_0.asset
  artifactKey: Guid(85724ce698662a94d8a69427afbb6bed) Importer(815301076,1909f56bfc062723c751e8b465ee728b)
Start importing Assets/TileMaps/Spikes/Spike_0.asset using Guid(85724ce698662a94d8a69427afbb6bed) Importer(815301076,1909f56bfc062723c751e8b465ee728b)  -> (artifact id: 'cc5fc9c4dab1999b1d69db945867a5dc') in 0.006391 seconds
Number of updated asset objects reloaded before import = 0
Number of asset objects unloaded after import = 3
========================================================================
Received Import Request.
  Time since last request: 53.078465 seconds.
  path: Assets/TileMaps/Spikes/Spike_0.asset
  artifactKey: Guid(85724ce698662a94d8a69427afbb6bed) Importer(815301076,1909f56bfc062723c751e8b465ee728b)
Start importing Assets/TileMaps/Spikes/Spike_0.asset using Guid(85724ce698662a94d8a69427afbb6bed) Importer(815301076,1909f56bfc062723c751e8b465ee728b)  -> (artifact id: '19ba8cd36711bb7a75bb212b4edf0337') in 0.008154 seconds
Number of updated asset objects reloaded before import = 0
Number of asset objects unloaded after import = 3
========================================================================
Received Import Request.
  Time since last request: 0.000031 seconds.
  path: Assets/TileMaps/Spikes/Spike_4.asset
  artifactKey: Guid(0d02e5723e5c4074abd7abdf9219cda2) Importer(815301076,1909f56bfc062723c751e8b465ee728b)
Start importing Assets/TileMaps/Spikes/Spike_4.asset using Guid(0d02e5723e5c4074abd7abdf9219cda2) Importer(815301076,1909f56bfc062723c751e8b465ee728b)  -> (artifact id: '5a016b0f5a993ec9e0b2ca26009d1113') in 0.006297 seconds
Number of updated asset objects reloaded before import = 0
Number of asset objects unloaded after import = 3
Editor requested this worker to shutdown with reason: Scaling down because of idle timeout
AssetImportWorker is now disconnected from the server
Process exiting
Exiting without the bug reporter. Application will terminate with return code 0