Using pre-set license
Built from '2023.1/staging' branch; Version is '2023.1.0b17 (b4ceadc1ee4d) revision 11849389'; Using compiler version '192829333'; Build Type 'Release'
OS: 'Windows 11  (10.0.22621) 64bit Professional' Language: 'pt' Physical Memory: 16163 MB
BatchMode: 1, IsHumanControllingUs: 0, StartBugReporterOnCrash: 0, Is64bit: 1, IsPro: 1

COMMAND LINE ARGUMENTS:
C:\Program Files\Unity\Hub\Editor\2023.1.0b17\Editor\Unity.exe
-adb2
-batchMode
-noUpm
-name
AssetImportWorker5
-projectPath
C:/Users/david/Tales of Forgor/Game Project
-logFile
Logs/AssetImportWorker5.log
-srvPort
55891
Successfully changed project path to: C:/Users/david/Tales of Forgor/Game Project
C:/Users/david/Tales of Forgor/Game Project
[UnityMemory] Configuration Parameters - Can be set up in boot.config
    "memorysetup-bucket-allocator-granularity=16"
    "memorysetup-bucket-allocator-bucket-count=8"
    "memorysetup-bucket-allocator-block-size=33554432"
    "memorysetup-bucket-allocator-block-count=8"
    "memorysetup-main-allocator-block-size=16777216"
    "memorysetup-thread-allocator-block-size=16777216"
    "memorysetup-gfx-main-allocator-block-size=16777216"
    "memorysetup-gfx-thread-allocator-block-size=16777216"
    "memorysetup-cache-allocator-block-size=4194304"
    "memorysetup-typetree-allocator-block-size=2097152"
    "memorysetup-profiler-bucket-allocator-granularity=16"
    "memorysetup-profiler-bucket-allocator-bucket-count=8"
    "memorysetup-profiler-bucket-allocator-block-size=33554432"
    "memorysetup-profiler-bucket-allocator-block-count=8"
    "memorysetup-profiler-allocator-block-size=16777216"
    "memorysetup-profiler-editor-allocator-block-size=1048576"
    "memorysetup-temp-allocator-size-main=16777216"
    "memorysetup-job-temp-allocator-block-size=2097152"
    "memorysetup-job-temp-allocator-block-size-background=1048576"
    "memorysetup-job-temp-allocator-reduction-small-platforms=262144"
    "memorysetup-temp-allocator-size-background-worker=32768"
    "memorysetup-temp-allocator-size-job-worker=262144"
    "memorysetup-temp-allocator-size-preload-manager=33554432"
    "memorysetup-temp-allocator-size-nav-mesh-worker=65536"
    "memorysetup-temp-allocator-size-audio-worker=65536"
    "memorysetup-temp-allocator-size-cloud-worker=32768"
    "memorysetup-temp-allocator-size-gi-baking-worker=262144"
    "memorysetup-temp-allocator-size-gfx=262144"
Player connection [8760] Host "[IP] 192.168.56.1 [Port] 0 [Flags] 2 [Guid] 1740993530 [EditorId] 1740993530 [Version] 1048832 [Id] WindowsEditor(7,LAPTOP-DAVID) [Debug] 1 [PackageName] WindowsEditor [ProjectName] Editor" joined multi-casting on [225.0.0.222:54997]...

Player connection [8760] Host "[IP] 192.168.56.1 [Port] 0 [Flags] 2 [Guid] 1740993530 [EditorId] 1740993530 [Version] 1048832 [Id] WindowsEditor(7,LAPTOP-DAVID) [Debug] 1 [PackageName] WindowsEditor [ProjectName] Editor" joined alternative multi-casting on [225.0.0.222:34997]...

Library Redirect Path: Library/Refreshing native plugins compatible for Editor in 9.21 ms, found 4 plugins.
Preloading 0 native plugins for Editor in 0.00 ms.
Initialize engine version: 2023.1.0b17 (b4ceadc1ee4d)
[Subsystems] Discovering subsystems at path C:/Program Files/Unity/Hub/Editor/2023.1.0b17/Editor/Data/Resources/UnitySubsystems
[Subsystems] Discovering subsystems at path C:/Users/david/Tales of Forgor/Game Project/Assets
GfxDevice: creating device client; threaded=0; jobified=0
Direct3D:
    Version:  Direct3D 11.0 [level 11.1]
    Renderer: NVIDIA GeForce RTX 3060 Laptop GPU (ID=0x2520)
    Vendor:   NVIDIA
    VRAM:     6009 MB
    Driver:   31.0.15.3179
Initialize mono
Mono path[0] = 'C:/Program Files/Unity/Hub/Editor/2023.1.0b17/Editor/Data/Managed'
Mono path[1] = 'C:/Program Files/Unity/Hub/Editor/2023.1.0b17/Editor/Data/MonoBleedingEdge/lib/mono/unityjit-win32'
Mono config path = 'C:/Program Files/Unity/Hub/Editor/2023.1.0b17/Editor/Data/MonoBleedingEdge/etc'
Using monoOptions --debugger-agent=transport=dt_socket,embedding=1,server=y,suspend=n,address=127.0.0.1:56332
Begin MonoManager ReloadAssembly
C:\build\output\Unity-Technologies\mono\mono\metadata\icall.c:1842:
C:\build\output\Unity-Technologies\mono\mono\metadata\icall.c:1842:
C:\build\output\Unity-Technologies\mono\mono\metadata\icall.c:1842:
C:\build\output\Unity-Technologies\mono\mono\metadata\icall.c:1842:
C:\build\output\Unity-Technologies\mono\mono\metadata\icall.c:1842:
C:\build\output\Unity-Technologies\mono\mono\metadata\icall.c:1842:
C:\build\output\Unity-Technologies\mono\mono\metadata\icall.c:1842:
C:\build\output\Unity-Technologies\mono\mono\metadata\icall.c:1842:
C:\build\output\Unity-Technologies\mono\mono\metadata\icall.c:1842:
C:\build\output\Unity-Technologies\mono\mono\metadata\icall.c:1842:
Registering precompiled unity dll's ...
Register platform support module: C:/Program Files/Unity/Hub/Editor/2023.1.0b17/Editor/Data/PlaybackEngines/WindowsStandaloneSupport/UnityEditor.WindowsStandalone.Extensions.dll
Registered in 0.002014 seconds.
- Loaded All Assemblies, in  0.294 seconds
Native extension for WindowsStandalone target not found
Mono: successfully reloaded assembly
C:\build\output\Unity-Technologies\mono\mono\metadata\icall.c:1842:
C:\build\output\Unity-Technologies\mono\mono\metadata\icall.c:1842:
- Finished resetting the current domain, in  0.227 seconds
Domain Reload Profiling: 520ms
	BeginReloadAssembly (99ms)
		ExecutionOrderSort (0ms)
		DisableScriptedObjects (0ms)
		BackupInstance (0ms)
		ReleaseScriptingObjects (0ms)
		CreateAndSetChildDomain (1ms)
	RebuildCommonClasses (27ms)
	RebuildNativeTypeToScriptingClass (9ms)
	initialDomainReloadingComplete (38ms)
	LoadAllAssembliesAndSetupDomain (120ms)
		LoadAssemblies (97ms)
		RebuildTransferFunctionScriptingTraits (0ms)
		AnalyzeDomain (116ms)
			TypeCache.Refresh (115ms)
				TypeCache.ScanAssembly (106ms)
			ScanForSourceGeneratedMonoScriptInfo (0ms)
			ResolveRequiredComponents (0ms)
	FinalizeReload (228ms)
		ReleaseScriptCaches (0ms)
		RebuildScriptCaches (0ms)
		SetupLoadedEditorAssemblies (189ms)
			LogAssemblyErrors (0ms)
			InitializePlatformSupportModulesInManaged (7ms)
			SetLoadedEditorAssemblies (4ms)
			BeforeProcessingInitializeOnLoad (5ms)
			ProcessInitializeOnLoadAttributes (133ms)
			ProcessInitializeOnLoadMethodAttributes (40ms)
			AfterProcessingInitializeOnLoad (0ms)
			EditorAssembliesLoaded (0ms)
		ExecutionOrderSort2 (0ms)
		AwakeInstancesAfterBackupRestoration (0ms)
========================================================================
Worker process is ready to serve import requests
Import Worker Mode flag is 0x00
Begin MonoManager ReloadAssembly
C:\build\output\Unity-Technologies\mono\mono\metadata\icall.c:1842:
C:\build\output\Unity-Technologies\mono\mono\metadata\icall.c:1842:
C:\build\output\Unity-Technologies\mono\mono\metadata\icall.c:1842:
C:\build\output\Unity-Technologies\mono\mono\metadata\icall.c:1842:
C:\build\output\Unity-Technologies\mono\mono\metadata\icall.c:1842:
C:\build\output\Unity-Technologies\mono\mono\metadata\icall.c:1842:
C:\build\output\Unity-Technologies\mono\mono\metadata\icall.c:1842:
C:\build\output\Unity-Technologies\mono\mono\metadata\icall.c:1842:
C:\build\output\Unity-Technologies\mono\mono\metadata\icall.c:1842:
C:\build\output\Unity-Technologies\mono\mono\metadata\icall.c:1842:
C:\build\output\Unity-Technologies\mono\mono\metadata\icall.c:1842:
C:\build\output\Unity-Technologies\mono\mono\metadata\icall.c:1842:
Symbol file LoadedFromMemory doesn't match image C:\Users\david\Tales of Forgor\Game Project\Library\PackageCache\com.unity.visualscripting@1.8.0\Editor\VisualScripting.Core\Dependencies\YamlDotNet\Unity.VisualScripting.YamlDotNet.dll
Symbol file LoadedFromMemory doesn't match image C:\Users\david\Tales of Forgor\Game Project\Library\PackageCache\com.unity.visualscripting@1.8.0\Editor\VisualScripting.Core\Dependencies\DotNetZip\Unity.VisualScripting.IonicZip.dll
- Loaded All Assemblies, in  0.767 seconds
Refreshing native plugins compatible for Editor in 2.99 ms, found 4 plugins.
Native extension for WindowsStandalone target not found
Mono: successfully reloaded assembly
- Finished resetting the current domain, in  0.579 seconds
Domain Reload Profiling: 1344ms
	BeginReloadAssembly (229ms)
		ExecutionOrderSort (0ms)
		DisableScriptedObjects (5ms)
		BackupInstance (0ms)
		ReleaseScriptingObjects (0ms)
		CreateAndSetChildDomain (26ms)
	RebuildCommonClasses (29ms)
	RebuildNativeTypeToScriptingClass (10ms)
	initialDomainReloadingComplete (34ms)
	LoadAllAssembliesAndSetupDomain (463ms)
		LoadAssemblies (261ms)
		RebuildTransferFunctionScriptingTraits (0ms)
		AnalyzeDomain (273ms)
			TypeCache.Refresh (243ms)
				TypeCache.ScanAssembly (233ms)
			ScanForSourceGeneratedMonoScriptInfo (20ms)
			ResolveRequiredComponents (9ms)
	FinalizeReload (580ms)
		ReleaseScriptCaches (0ms)
		RebuildScriptCaches (0ms)
		SetupLoadedEditorAssemblies (349ms)
			LogAssemblyErrors (0ms)
			InitializePlatformSupportModulesInManaged (4ms)
			SetLoadedEditorAssemblies (3ms)
			BeforeProcessingInitializeOnLoad (72ms)
			ProcessInitializeOnLoadAttributes (239ms)
			ProcessInitializeOnLoadMethodAttributes (28ms)
			AfterProcessingInitializeOnLoad (3ms)
			EditorAssembliesLoaded (0ms)
		ExecutionOrderSort2 (0ms)
		AwakeInstancesAfterBackupRestoration (5ms)
Launched and connected shader compiler UnityShaderCompiler.exe after 0.01 seconds
Refreshing native plugins compatible for Editor in 2.43 ms, found 4 plugins.
Preloading 0 native plugins for Editor in 0.00 ms.
Unloading 5788 Unused Serialized files (Serialized files now loaded: 0)
Unloading 89 unused Assets / (1.5 MB). Loaded Objects now: 6327.
Memory consumption went from 229.7 MB to 228.2 MB.
Total: 5.110000 ms (FindLiveObjects: 0.387100 ms CreateObjectMapping: 0.213500 ms MarkObjects: 4.203400 ms  DeleteObjects: 0.304900 ms)

AssetImportParameters requested are different than current active one (requested -> active):
  custom:video-decoder-webm-vp8: 9c59270c3fd7afecdb556c50c9e8de78 -> 
  custom:audio-encoder-webm-vorbis: bf7c407c2cedff20999df2af8eb42d56 -> 
  custom:AudioImporter_EditorPlatform: d09bf68614088b80899f8185d706f6e7 -> 
  custom:audio-decoder-ogg-vorbis: bf7c407c2cedff20999df2af8eb42d56 -> 
  custom:video-encoder-webm-vp8: eb34c28f22e8b96e1ab97ce403110664 -> 
  custom:container-demuxer-ogg: 62fdf1f143b41e24485cea50d1cbac27 -> 
  custom:framework-win-MediaFoundation: 216162199b28c13a410421893ffa2e32 -> 
  custom:video-decoder-ogg-theora: a1e56fd34408186e4bbccfd4996cb3dc -> 
  custom:container-muxer-webm: aa71ff27fc2769a1b78a27578f13a17b -> 
  custom:video-codec-MediaFoundation-h265: 746d11721c4dcdbdad8f713fa42b33f4 -> 
  custom:container-demuxer-webm: 4f35f7cbe854078d1ac9338744f61a02 -> 
========================================================================
Received Import Request.
  Time since last request: 239311.558929 seconds.
  path: Assets/TileMaps/Spikes/Spike_2.asset
  artifactKey: Guid(dcd219976cf7746458bb5230e60ec358) Importer(815301076,1909f56bfc062723c751e8b465ee728b)
Start importing Assets/TileMaps/Spikes/Spike_2.asset using Guid(dcd219976cf7746458bb5230e60ec358) Importer(815301076,1909f56bfc062723c751e8b465ee728b)  -> (artifact id: 'da3f815e034e9794a4a2a7fdc73b649b') in 0.072851 seconds
Number of updated asset objects reloaded before import = 0
Number of asset objects unloaded after import = 3
========================================================================
Received Import Request.
  Time since last request: 17.537300 seconds.
  path: Assets/TileMaps/Spikes/Spike_1.asset
  artifactKey: Guid(7862b399bdc4b9f4a90152d21db5362c) Importer(815301076,1909f56bfc062723c751e8b465ee728b)
Start importing Assets/TileMaps/Spikes/Spike_1.asset using Guid(7862b399bdc4b9f4a90152d21db5362c) Importer(815301076,1909f56bfc062723c751e8b465ee728b)  -> (artifact id: '626b9294ce7703b5e8daf794af47a003') in 0.010187 seconds
Number of updated asset objects reloaded before import = 0
Number of asset objects unloaded after import = 3
========================================================================
Received Import Request.
  Time since last request: 0.000016 seconds.
  path: Assets/TileMaps/Spikes/Spikes.prefab
  artifactKey: Guid(2375f294297eb4248985601b32d773e2) Importer(815301076,1909f56bfc062723c751e8b465ee728b)
Start importing Assets/TileMaps/Spikes/Spikes.prefab using Guid(2375f294297eb4248985601b32d773e2) Importer(815301076,1909f56bfc062723c751e8b465ee728b)  -> (artifact id: 'a91ca280d72fdb6a25ce471bb5452119') in 0.212876 seconds
Number of updated asset objects reloaded before import = 0
Number of asset objects unloaded after import = 21
========================================================================
Received Import Request.
  Time since last request: 163.471410 seconds.
  path: Assets/TileMaps/Spikes/Spike_0.asset
  artifactKey: Guid(85724ce698662a94d8a69427afbb6bed) Importer(815301076,1909f56bfc062723c751e8b465ee728b)
Start importing Assets/TileMaps/Spikes/Spike_0.asset using Guid(85724ce698662a94d8a69427afbb6bed) Importer(815301076,1909f56bfc062723c751e8b465ee728b)  -> (artifact id: '2db24fc5e765d692145a529bde5c3e5a') in 0.010896 seconds
Number of updated asset objects reloaded before import = 0
Number of asset objects unloaded after import = 3
========================================================================
Received Import Request.
  Time since last request: 0.000043 seconds.
  path: Assets/TileMaps/Spikes/Spike_1.asset
  artifactKey: Guid(7862b399bdc4b9f4a90152d21db5362c) Importer(815301076,1909f56bfc062723c751e8b465ee728b)
Start importing Assets/TileMaps/Spikes/Spike_1.asset using Guid(7862b399bdc4b9f4a90152d21db5362c) Importer(815301076,1909f56bfc062723c751e8b465ee728b)  -> (artifact id: '3009fbffde3920936c8e2e79889855fd') in 0.013067 seconds
Number of updated asset objects reloaded before import = 0
Number of asset objects unloaded after import = 3
========================================================================
Received Import Request.
  Time since last request: 0.000031 seconds.
  path: Assets/TileMaps/Spikes/Spikes.prefab
  artifactKey: Guid(2375f294297eb4248985601b32d773e2) Importer(815301076,1909f56bfc062723c751e8b465ee728b)
Start importing Assets/TileMaps/Spikes/Spikes.prefab using Guid(2375f294297eb4248985601b32d773e2) Importer(815301076,1909f56bfc062723c751e8b465ee728b)  -> (artifact id: 'cbebcd9c89c35f3ef2d8efbcbbe07a10') in 0.018421 seconds
Number of updated asset objects reloaded before import = 0
Number of asset objects unloaded after import = 18
========================================================================
Received Import Request.
  Time since last request: 7.742046 seconds.
  path: Assets/TileMaps/Spikes/Spike_1.asset
  artifactKey: Guid(7862b399bdc4b9f4a90152d21db5362c) Importer(815301076,1909f56bfc062723c751e8b465ee728b)
Start importing Assets/TileMaps/Spikes/Spike_1.asset using Guid(7862b399bdc4b9f4a90152d21db5362c) Importer(815301076,1909f56bfc062723c751e8b465ee728b)  -> (artifact id: '30cdddbb998ae73d8a5cedb9e1821e5d') in 0.007052 seconds
Number of updated asset objects reloaded before import = 0
Number of asset objects unloaded after import = 3
========================================================================
Received Import Request.
  Time since last request: 0.000023 seconds.
  path: Assets/TileMaps/Spikes/Spikes.prefab
  artifactKey: Guid(2375f294297eb4248985601b32d773e2) Importer(815301076,1909f56bfc062723c751e8b465ee728b)
Start importing Assets/TileMaps/Spikes/Spikes.prefab using Guid(2375f294297eb4248985601b32d773e2) Importer(815301076,1909f56bfc062723c751e8b465ee728b)  -> (artifact id: '4073d2171a7a1aa3565d31cab96f2262') in 0.020133 seconds
Number of updated asset objects reloaded before import = 0
Number of asset objects unloaded after import = 18
========================================================================
Received Import Request.
  Time since last request: 65.433630 seconds.
  path: Assets/TileMaps/Spikes/Spike_0.asset
  artifactKey: Guid(85724ce698662a94d8a69427afbb6bed) Importer(815301076,1909f56bfc062723c751e8b465ee728b)
Start importing Assets/TileMaps/Spikes/Spike_0.asset using Guid(85724ce698662a94d8a69427afbb6bed) Importer(815301076,1909f56bfc062723c751e8b465ee728b)  -> (artifact id: '81adaf5ab3d29d6be9b4598e523bb500') in 0.006740 seconds
Number of updated asset objects reloaded before import = 0
Number of asset objects unloaded after import = 3
========================================================================
Received Import Request.
  Time since last request: 0.000031 seconds.
  path: Assets/TileMaps/Spikes/Spike_1.asset
  artifactKey: Guid(7862b399bdc4b9f4a90152d21db5362c) Importer(815301076,1909f56bfc062723c751e8b465ee728b)
Start importing Assets/TileMaps/Spikes/Spike_1.asset using Guid(7862b399bdc4b9f4a90152d21db5362c) Importer(815301076,1909f56bfc062723c751e8b465ee728b)  -> (artifact id: '0c42c9c452d323ec0c4fdeb342125572') in 0.002350 seconds
Number of updated asset objects reloaded before import = 0
Number of asset objects unloaded after import = 1
========================================================================
Received Import Request.
  Time since last request: 0.000033 seconds.
  path: Assets/TileMaps/Spikes/Spikes.prefab
  artifactKey: Guid(2375f294297eb4248985601b32d773e2) Importer(815301076,1909f56bfc062723c751e8b465ee728b)
Start importing Assets/TileMaps/Spikes/Spikes.prefab using Guid(2375f294297eb4248985601b32d773e2) Importer(815301076,1909f56bfc062723c751e8b465ee728b)  -> (artifact id: '613d4fe51ce1a43ef36b9729b4f77842') in 0.015227 seconds
Number of updated asset objects reloaded before import = 0
Number of asset objects unloaded after import = 17
========================================================================
Received Import Request.
  Time since last request: 79.971684 seconds.
  path: Assets/TileMaps/Spikes/Spike_3.asset
  artifactKey: Guid(40c5d39560ebded49952a2dcd4ddc11f) Importer(815301076,1909f56bfc062723c751e8b465ee728b)
Start importing Assets/TileMaps/Spikes/Spike_3.asset using Guid(40c5d39560ebded49952a2dcd4ddc11f) Importer(815301076,1909f56bfc062723c751e8b465ee728b)  -> (artifact id: '23ea14852f010c8944045617dd0773fa') in 0.010710 seconds
Number of updated asset objects reloaded before import = 0
Number of asset objects unloaded after import = 3
========================================================================
Received Import Request.
  Time since last request: 0.000026 seconds.
  path: Assets/TileMaps/Spikes/Spike_4.asset
  artifactKey: Guid(0d02e5723e5c4074abd7abdf9219cda2) Importer(815301076,1909f56bfc062723c751e8b465ee728b)
Start importing Assets/TileMaps/Spikes/Spike_4.asset using Guid(0d02e5723e5c4074abd7abdf9219cda2) Importer(815301076,1909f56bfc062723c751e8b465ee728b)  -> (artifact id: '092dd5893a8b691c80f2b7b51f6a83e5') in 0.010928 seconds
Number of updated asset objects reloaded before import = 0
Number of asset objects unloaded after import = 3
========================================================================
Received Import Request.
  Time since last request: 56.278259 seconds.
  path: Assets/Spike_2.asset
  artifactKey: Guid(229e1ce0dc40e4e47a15aebf4237df69) Importer(815301076,1909f56bfc062723c751e8b465ee728b)
Start importing Assets/Spike_2.asset using Guid(229e1ce0dc40e4e47a15aebf4237df69) Importer(815301076,1909f56bfc062723c751e8b465ee728b)  -> (artifact id: '39487611290c93b433e0606fb9e1cf37') in 0.009282 seconds
Number of updated asset objects reloaded before import = 0
Number of asset objects unloaded after import = 3
========================================================================
Received Import Request.
  Time since last request: 0.000033 seconds.
  path: Assets/Spike_4.asset
  artifactKey: Guid(1a49e0188e0be514f8a57cc90048995f) Importer(815301076,1909f56bfc062723c751e8b465ee728b)
Start importing Assets/Spike_4.asset using Guid(1a49e0188e0be514f8a57cc90048995f) Importer(815301076,1909f56bfc062723c751e8b465ee728b)  -> (artifact id: '1811c80d8e28c2e79a203fee1d2ec624') in 0.007699 seconds
Number of updated asset objects reloaded before import = 0
Number of asset objects unloaded after import = 3
========================================================================
Received Import Request.
  Time since last request: 0.000021 seconds.
  path: Assets/TileMaps/Spikes/Spikes.prefab
  artifactKey: Guid(2375f294297eb4248985601b32d773e2) Importer(815301076,1909f56bfc062723c751e8b465ee728b)
Start importing Assets/TileMaps/Spikes/Spikes.prefab using Guid(2375f294297eb4248985601b32d773e2) Importer(815301076,1909f56bfc062723c751e8b465ee728b)  -> (artifact id: 'b0dfd9aad98b0919c8e74454bf23fde4') in 0.019138 seconds
Number of updated asset objects reloaded before import = 0
Number of asset objects unloaded after import = 20
========================================================================
Received Import Request.
  Time since last request: 36.087924 seconds.
  path: Assets/Spike_0.asset
  artifactKey: Guid(bb90c839040dd4e46aab15e3d3383a7d) Importer(815301076,1909f56bfc062723c751e8b465ee728b)
Start importing Assets/Spike_0.asset using Guid(bb90c839040dd4e46aab15e3d3383a7d) Importer(815301076,1909f56bfc062723c751e8b465ee728b)  -> (artifact id: '3e026db90201b7e0644488ffe9d997c0') in 0.007778 seconds
Number of updated asset objects reloaded before import = 0
Number of asset objects unloaded after import = 3
========================================================================
Received Import Request.
  Time since last request: 0.000022 seconds.
  path: Assets/Spike_4.asset
  artifactKey: Guid(1a49e0188e0be514f8a57cc90048995f) Importer(815301076,1909f56bfc062723c751e8b465ee728b)
Start importing Assets/Spike_4.asset using Guid(1a49e0188e0be514f8a57cc90048995f) Importer(815301076,1909f56bfc062723c751e8b465ee728b)  -> (artifact id: '39cfb1a2099859113935aea618f6e3d9') in 0.006525 seconds
Number of updated asset objects reloaded before import = 0
Number of asset objects unloaded after import = 3
========================================================================
Received Import Request.
  Time since last request: 0.000021 seconds.
  path: Assets/Spike_3.asset
  artifactKey: Guid(7ec374765e7b00e41846b6e40409e1f0) Importer(815301076,1909f56bfc062723c751e8b465ee728b)
Start importing Assets/Spike_3.asset using Guid(7ec374765e7b00e41846b6e40409e1f0) Importer(815301076,1909f56bfc062723c751e8b465ee728b)  -> (artifact id: '4413954e734036f9559ffb05a747fb4a') in 0.006463 seconds
Number of updated asset objects reloaded before import = 0
Number of asset objects unloaded after import = 3
========================================================================
Received Import Request.
  Time since last request: 10.679408 seconds.
  path: Assets/Spike_0.asset
  artifactKey: Guid(bb90c839040dd4e46aab15e3d3383a7d) Importer(815301076,1909f56bfc062723c751e8b465ee728b)
Start importing Assets/Spike_0.asset using Guid(bb90c839040dd4e46aab15e3d3383a7d) Importer(815301076,1909f56bfc062723c751e8b465ee728b)  -> (artifact id: 'cf5d0241a1c53d6c7a2b945c671748a3') in 0.014088 seconds
Number of updated asset objects reloaded before import = 0
Number of asset objects unloaded after import = 3
========================================================================
Received Import Request.
  Time since last request: 0.000021 seconds.
  path: Assets/Spike_3.asset
  artifactKey: Guid(7ec374765e7b00e41846b6e40409e1f0) Importer(815301076,1909f56bfc062723c751e8b465ee728b)
Start importing Assets/Spike_3.asset using Guid(7ec374765e7b00e41846b6e40409e1f0) Importer(815301076,1909f56bfc062723c751e8b465ee728b)  -> (artifact id: 'fae94258df7277b420989d67290bde1c') in 0.011130 seconds
Number of updated asset objects reloaded before import = 0
Number of asset objects unloaded after import = 3
========================================================================
Received Import Request.
  Time since last request: 0.000021 seconds.
  path: Assets/TileMaps/Spikes/Spikes.prefab
  artifactKey: Guid(2375f294297eb4248985601b32d773e2) Importer(815301076,1909f56bfc062723c751e8b465ee728b)
Start importing Assets/TileMaps/Spikes/Spikes.prefab using Guid(2375f294297eb4248985601b32d773e2) Importer(815301076,1909f56bfc062723c751e8b465ee728b)  -> (artifact id: '14ce6f4141de2f9b564d8b5637aa0f3d') in 0.014509 seconds
Number of updated asset objects reloaded before import = 0
Number of asset objects unloaded after import = 14
========================================================================
Received Import Request.
  Time since last request: 69.739272 seconds.
  path: Assets/Spike_2.asset
  artifactKey: Guid(229e1ce0dc40e4e47a15aebf4237df69) Importer(815301076,1909f56bfc062723c751e8b465ee728b)
Start importing Assets/Spike_2.asset using Guid(229e1ce0dc40e4e47a15aebf4237df69) Importer(815301076,1909f56bfc062723c751e8b465ee728b)  -> (artifact id: 'fb0b2c85e13ab94a9746708829f8416b') in 0.004653 seconds
Number of updated asset objects reloaded before import = 0
Number of asset objects unloaded after import = 1
========================================================================
Received Import Request.
  Time since last request: 0.000067 seconds.
  path: Assets/Spike_3.asset
  artifactKey: Guid(7ec374765e7b00e41846b6e40409e1f0) Importer(815301076,1909f56bfc062723c751e8b465ee728b)
Start importing Assets/Spike_3.asset using Guid(7ec374765e7b00e41846b6e40409e1f0) Importer(815301076,1909f56bfc062723c751e8b465ee728b)  -> (artifact id: '4e231d98dde1eebd6b621b43df7d1e8c') in 0.003354 seconds
Number of updated asset objects reloaded before import = 0
Number of asset objects unloaded after import = 1
Editor requested this worker to shutdown with reason: Scaling down because of idle timeout
AssetImportWorker is now disconnected from the server
Process exiting
Exiting without the bug reporter. Application will terminate with return code 0