Using pre-set license
Built from '2023.1/staging' branch; Version is '2023.1.0b14 (3321931063a3) revision 3350931'; Using compiler version '192829333'; Build Type 'Release'
OS: 'Windows 11  (10.0.22621) 64bit Professional' Language: 'pt' Physical Memory: 65459 MB
BatchMode: 1, IsHumanControllingUs: 0, StartBugReporterOnCrash: 0, Is64bit: 1, IsPro: 1

COMMAND LINE ARGUMENTS:
C:\Program Files\Unity\Hub\Editor\2023.1.0b14\Editor\Unity.exe
-adb2
-batchMode
-noUpm
-name
AssetImportWorker1
-projectPath
F:/Downloads/Unity Projects/Tales of Forgor/GameProject
-logFile
Logs/AssetImportWorker1.log
-srvPort
50176
Successfully changed project path to: F:/Downloads/Unity Projects/Tales of Forgor/GameProject
F:/Downloads/Unity Projects/Tales of Forgor/GameProject
[UnityMemory] Configuration Parameters - Can be set up in boot.config
    "memorysetup-bucket-allocator-granularity=16"
    "memorysetup-bucket-allocator-bucket-count=8"
    "memorysetup-bucket-allocator-block-size=33554432"
    "memorysetup-bucket-allocator-block-count=8"
    "memorysetup-main-allocator-block-size=16777216"
    "memorysetup-thread-allocator-block-size=16777216"
    "memorysetup-gfx-main-allocator-block-size=16777216"
    "memorysetup-gfx-thread-allocator-block-size=16777216"
    "memorysetup-cache-allocator-block-size=4194304"
    "memorysetup-typetree-allocator-block-size=2097152"
    "memorysetup-profiler-bucket-allocator-granularity=16"
    "memorysetup-profiler-bucket-allocator-bucket-count=8"
    "memorysetup-profiler-bucket-allocator-block-size=33554432"
    "memorysetup-profiler-bucket-allocator-block-count=8"
    "memorysetup-profiler-allocator-block-size=16777216"
    "memorysetup-profiler-editor-allocator-block-size=1048576"
    "memorysetup-temp-allocator-size-main=16777216"
    "memorysetup-job-temp-allocator-block-size=2097152"
    "memorysetup-job-temp-allocator-block-size-background=1048576"
    "memorysetup-job-temp-allocator-reduction-small-platforms=262144"
    "memorysetup-temp-allocator-size-background-worker=32768"
    "memorysetup-temp-allocator-size-job-worker=262144"
    "memorysetup-temp-allocator-size-preload-manager=33554432"
    "memorysetup-temp-allocator-size-nav-mesh-worker=65536"
    "memorysetup-temp-allocator-size-audio-worker=65536"
    "memorysetup-temp-allocator-size-cloud-worker=32768"
    "memorysetup-temp-allocator-size-gi-baking-worker=262144"
    "memorysetup-temp-allocator-size-gfx=262144"
Player connection [22584] Host "[IP] 192.168.0.134 [Port] 0 [Flags] 2 [Guid] 2423916935 [EditorId] 2423916935 [Version] 1048832 [Id] WindowsEditor(7,DESKTOP-DAVID) [Debug] 1 [PackageName] WindowsEditor [ProjectName] Editor" joined multi-casting on [225.0.0.222:54997]...

Player connection [22584] Host "[IP] 192.168.0.134 [Port] 0 [Flags] 2 [Guid] 2423916935 [EditorId] 2423916935 [Version] 1048832 [Id] WindowsEditor(7,DESKTOP-DAVID) [Debug] 1 [PackageName] WindowsEditor [ProjectName] Editor" joined alternative multi-casting on [225.0.0.222:34997]...

Library Redirect Path: Library/Refreshing native plugins compatible for Editor in 8.93 ms, found 4 plugins.
Preloading 0 native plugins for Editor in 0.00 ms.
Initialize engine version: 2023.1.0b14 (3321931063a3)
[Subsystems] Discovering subsystems at path C:/Program Files/Unity/Hub/Editor/2023.1.0b14/Editor/Data/Resources/UnitySubsystems
[Subsystems] Discovering subsystems at path F:/Downloads/Unity Projects/Tales of Forgor/GameProject/Assets
GfxDevice: creating device client; threaded=0; jobified=0
Direct3D:
    Version:  Direct3D 11.0 [level 11.1]
    Renderer: NVIDIA GeForce RTX 3080 (ID=0x220a)
    Vendor:   NVIDIA
    VRAM:     12107 MB
    Driver:   31.0.15.3168
Initialize mono
Mono path[0] = 'C:/Program Files/Unity/Hub/Editor/2023.1.0b14/Editor/Data/Managed'
Mono path[1] = 'C:/Program Files/Unity/Hub/Editor/2023.1.0b14/Editor/Data/MonoBleedingEdge/lib/mono/unityjit-win32'
Mono config path = 'C:/Program Files/Unity/Hub/Editor/2023.1.0b14/Editor/Data/MonoBleedingEdge/etc'
Using monoOptions --debugger-agent=transport=dt_socket,embedding=1,server=y,suspend=n,address=127.0.0.1:56336
Begin MonoManager ReloadAssembly
C:\build\output\Unity-Technologies\mono\mono\metadata\icall.c:1842:
C:\build\output\Unity-Technologies\mono\mono\metadata\icall.c:1842:
C:\build\output\Unity-Technologies\mono\mono\metadata\icall.c:1842:
C:\build\output\Unity-Technologies\mono\mono\metadata\icall.c:1842:
C:\build\output\Unity-Technologies\mono\mono\metadata\icall.c:1842:
C:\build\output\Unity-Technologies\mono\mono\metadata\icall.c:1842:
C:\build\output\Unity-Technologies\mono\mono\metadata\icall.c:1842:
C:\build\output\Unity-Technologies\mono\mono\metadata\icall.c:1842:
C:\build\output\Unity-Technologies\mono\mono\metadata\icall.c:1842:
C:\build\output\Unity-Technologies\mono\mono\metadata\icall.c:1842:
Registering precompiled unity dll's ...
Register platform support module: C:/Program Files/Unity/Hub/Editor/2023.1.0b14/Editor/Data/PlaybackEngines/WindowsStandaloneSupport/UnityEditor.WindowsStandalone.Extensions.dll
Registered in 0.002317 seconds.
- Loaded All Assemblies, in  0.271 seconds
Native extension for WindowsStandalone target not found
Mono: successfully reloaded assembly
C:\build\output\Unity-Technologies\mono\mono\metadata\icall.c:1842:
C:\build\output\Unity-Technologies\mono\mono\metadata\icall.c:1842:
- Finished resetting the current domain, in  0.216 seconds
Domain Reload Profiling: 485ms
	BeginReloadAssembly (90ms)
		ExecutionOrderSort (0ms)
		DisableScriptedObjects (0ms)
		BackupInstance (0ms)
		ReleaseScriptingObjects (0ms)
		CreateAndSetChildDomain (1ms)
	RebuildCommonClasses (26ms)
	RebuildNativeTypeToScriptingClass (8ms)
	initialDomainReloadingComplete (37ms)
	LoadAllAssembliesAndSetupDomain (108ms)
		LoadAssemblies (88ms)
		RebuildTransferFunctionScriptingTraits (0ms)
		AnalyzeDomain (104ms)
			TypeCache.Refresh (103ms)
				TypeCache.ScanAssembly (95ms)
			ScanForSourceGeneratedMonoScriptInfo (0ms)
			ResolveRequiredComponents (0ms)
	FinalizeReload (216ms)
		ReleaseScriptCaches (0ms)
		RebuildScriptCaches (0ms)
		SetupLoadedEditorAssemblies (182ms)
			LogAssemblyErrors (0ms)
			InitializePlatformSupportModulesInManaged (7ms)
			SetLoadedEditorAssemblies (4ms)
			BeforeProcessingInitializeOnLoad (5ms)
			ProcessInitializeOnLoadAttributes (129ms)
			ProcessInitializeOnLoadMethodAttributes (37ms)
			AfterProcessingInitializeOnLoad (0ms)
			EditorAssembliesLoaded (0ms)
		ExecutionOrderSort2 (0ms)
		AwakeInstancesAfterBackupRestoration (0ms)
========================================================================
Worker process is ready to serve import requests
Import Worker Mode flag is 0x00
Begin MonoManager ReloadAssembly
C:\build\output\Unity-Technologies\mono\mono\metadata\icall.c:1842:
C:\build\output\Unity-Technologies\mono\mono\metadata\icall.c:1842:
C:\build\output\Unity-Technologies\mono\mono\metadata\icall.c:1842:
C:\build\output\Unity-Technologies\mono\mono\metadata\icall.c:1842:
C:\build\output\Unity-Technologies\mono\mono\metadata\icall.c:1842:
C:\build\output\Unity-Technologies\mono\mono\metadata\icall.c:1842:
C:\build\output\Unity-Technologies\mono\mono\metadata\icall.c:1842:
C:\build\output\Unity-Technologies\mono\mono\metadata\icall.c:1842:
C:\build\output\Unity-Technologies\mono\mono\metadata\icall.c:1842:
C:\build\output\Unity-Technologies\mono\mono\metadata\icall.c:1842:
C:\build\output\Unity-Technologies\mono\mono\metadata\icall.c:1842:
C:\build\output\Unity-Technologies\mono\mono\metadata\icall.c:1842:
Symbol file LoadedFromMemory doesn't match image F:\Downloads\Unity Projects\Tales of Forgor\GameProject\Library\PackageCache\com.unity.visualscripting@1.8.0\Editor\VisualScripting.Core\Dependencies\YamlDotNet\Unity.VisualScripting.YamlDotNet.dll
Symbol file LoadedFromMemory doesn't match image F:\Downloads\Unity Projects\Tales of Forgor\GameProject\Library\PackageCache\com.unity.visualscripting@1.8.0\Editor\VisualScripting.Core\Dependencies\DotNetZip\Unity.VisualScripting.IonicZip.dll
- Loaded All Assemblies, in  0.975 seconds
Refreshing native plugins compatible for Editor in 3.42 ms, found 4 plugins.
Native extension for WindowsStandalone target not found
Mono: successfully reloaded assembly
- Finished resetting the current domain, in  0.842 seconds
Domain Reload Profiling: 1821ms
	BeginReloadAssembly (263ms)
		ExecutionOrderSort (0ms)
		DisableScriptedObjects (6ms)
		BackupInstance (0ms)
		ReleaseScriptingObjects (0ms)
		CreateAndSetChildDomain (42ms)
	RebuildCommonClasses (27ms)
	RebuildNativeTypeToScriptingClass (9ms)
	initialDomainReloadingComplete (38ms)
	LoadAllAssembliesAndSetupDomain (642ms)
		LoadAssemblies (291ms)
		RebuildTransferFunctionScriptingTraits (0ms)
		AnalyzeDomain (425ms)
			TypeCache.Refresh (381ms)
				TypeCache.ScanAssembly (362ms)
			ScanForSourceGeneratedMonoScriptInfo (32ms)
			ResolveRequiredComponents (10ms)
	FinalizeReload (843ms)
		ReleaseScriptCaches (0ms)
		RebuildScriptCaches (0ms)
		SetupLoadedEditorAssemblies (556ms)
			LogAssemblyErrors (0ms)
			InitializePlatformSupportModulesInManaged (6ms)
			SetLoadedEditorAssemblies (6ms)
			BeforeProcessingInitializeOnLoad (85ms)
			ProcessInitializeOnLoadAttributes (418ms)
			ProcessInitializeOnLoadMethodAttributes (37ms)
			AfterProcessingInitializeOnLoad (4ms)
			EditorAssembliesLoaded (0ms)
		ExecutionOrderSort2 (0ms)
		AwakeInstancesAfterBackupRestoration (4ms)
Launched and connected shader compiler UnityShaderCompiler.exe after 0.03 seconds
Refreshing native plugins compatible for Editor in 5.26 ms, found 4 plugins.
Preloading 0 native plugins for Editor in 0.00 ms.
Unloading 5773 Unused Serialized files (Serialized files now loaded: 0)
Unloading 88 unused Assets / (1.5 MB). Loaded Objects now: 6337.
Memory consumption went from 244.5 MB to 243.0 MB.
Total: 14.193900 ms (FindLiveObjects: 0.568200 ms CreateObjectMapping: 0.394100 ms MarkObjects: 11.947100 ms  DeleteObjects: 1.281400 ms)

AssetImportParameters requested are different than current active one (requested -> active):
  custom:video-decoder-webm-vp8: 9c59270c3fd7afecdb556c50c9e8de78 -> 
  custom:audio-encoder-webm-vorbis: bf7c407c2cedff20999df2af8eb42d56 -> 
  custom:AudioImporter_EditorPlatform: d09bf68614088b80899f8185d706f6e7 -> 
  custom:audio-decoder-ogg-vorbis: bf7c407c2cedff20999df2af8eb42d56 -> 
  custom:video-encoder-webm-vp8: eb34c28f22e8b96e1ab97ce403110664 -> 
  custom:container-demuxer-ogg: 62fdf1f143b41e24485cea50d1cbac27 -> 
  custom:framework-win-MediaFoundation: 216162199b28c13a410421893ffa2e32 -> 
  custom:video-decoder-ogg-theora: a1e56fd34408186e4bbccfd4996cb3dc -> 
  custom:container-muxer-webm: aa71ff27fc2769a1b78a27578f13a17b -> 
  custom:video-codec-MediaFoundation-h265: 746d11721c4dcdbdad8f713fa42b33f4 -> 
  custom:container-demuxer-webm: 4f35f7cbe854078d1ac9338744f61a02 -> 
========================================================================
Received Import Request.
  Time since last request: 7704.318015 seconds.
  path: Packages/com.unity.2d.sprite/Editor/ObjectMenuCreation/DefaultAssets/Textures/9-SlicedWithBorder.png
  artifactKey: Guid(cc35afd292fc349128b36a291fb3a165) Importer(815301076,1909f56bfc062723c751e8b465ee728b)
Start importing Packages/com.unity.2d.sprite/Editor/ObjectMenuCreation/DefaultAssets/Textures/9-SlicedWithBorder.png using Guid(cc35afd292fc349128b36a291fb3a165) Importer(815301076,1909f56bfc062723c751e8b465ee728b)  -> (artifact id: 'de0a19ab647ce9e5a121bffedc0cf0d2') in 0.105102 seconds
Number of updated asset objects reloaded before import = 0
Number of asset objects unloaded after import = 3
========================================================================
Received Import Request.
  Time since last request: 366.972682 seconds.
  path: Assets/TileMaps/Terrain/TileMap3_1.asset
  artifactKey: Guid(02cb664f8bac1dc46b5056308a82c961) Importer(815301076,1909f56bfc062723c751e8b465ee728b)
Start importing Assets/TileMaps/Terrain/TileMap3_1.asset using Guid(02cb664f8bac1dc46b5056308a82c961) Importer(815301076,1909f56bfc062723c751e8b465ee728b)  -> (artifact id: '592fa989f2e93629f51e19121e691fdb') in 0.029495 seconds
Number of updated asset objects reloaded before import = 0
Number of asset objects unloaded after import = 3
========================================================================
Received Import Request.
  Time since last request: 0.000039 seconds.
  path: Assets/TileMaps/Terrain/TileMap3_4.asset
  artifactKey: Guid(dce8c3b81f5c837489b08586d26f75ef) Importer(815301076,1909f56bfc062723c751e8b465ee728b)
Start importing Assets/TileMaps/Terrain/TileMap3_4.asset using Guid(dce8c3b81f5c837489b08586d26f75ef) Importer(815301076,1909f56bfc062723c751e8b465ee728b)  -> (artifact id: 'd27a6f8a24516fb93bce468395325f46') in 0.007661 seconds
Number of updated asset objects reloaded before import = 0
Number of asset objects unloaded after import = 3
========================================================================
Received Import Request.
  Time since last request: 0.000016 seconds.
  path: Assets/TileMaps/Terrain/TileMap3_8.asset
  artifactKey: Guid(733fb2ed181129b4a84c1832bc0bb0d5) Importer(815301076,1909f56bfc062723c751e8b465ee728b)
Start importing Assets/TileMaps/Terrain/TileMap3_8.asset using Guid(733fb2ed181129b4a84c1832bc0bb0d5) Importer(815301076,1909f56bfc062723c751e8b465ee728b)  -> (artifact id: '727f6555a57a0393e6497b0c16e0aa13') in 0.007142 seconds
Number of updated asset objects reloaded before import = 0
Number of asset objects unloaded after import = 3
========================================================================
Received Import Request.
  Time since last request: 0.000018 seconds.
  path: Assets/TileMaps/Terrain/TileMap3_2.asset
  artifactKey: Guid(84825e7cadbfcd64e8627e0656967d91) Importer(815301076,1909f56bfc062723c751e8b465ee728b)
Start importing Assets/TileMaps/Terrain/TileMap3_2.asset using Guid(84825e7cadbfcd64e8627e0656967d91) Importer(815301076,1909f56bfc062723c751e8b465ee728b)  -> (artifact id: '5b00df5922a571a4553ccf9ce926f82f') in 0.006484 seconds
Number of updated asset objects reloaded before import = 0
Number of asset objects unloaded after import = 3
========================================================================
Received Import Request.
  Time since last request: 0.000017 seconds.
  path: Assets/TileMaps/Terrain/TileSet_1.prefab
  artifactKey: Guid(0993bbe135be9d9448bc4a38da7f6df4) Importer(815301076,1909f56bfc062723c751e8b465ee728b)
Start importing Assets/TileMaps/Terrain/TileSet_1.prefab using Guid(0993bbe135be9d9448bc4a38da7f6df4) Importer(815301076,1909f56bfc062723c751e8b465ee728b)  -> (artifact id: '0a24ded15c127db78ba949066ea831ab') in 0.190067 seconds
Number of updated asset objects reloaded before import = 0
Number of asset objects unloaded after import = 31
========================================================================
Received Import Request.
  Time since last request: 110.997787 seconds.
  path: Assets/TileMaps/Terrain/TileSet_1.prefab
  artifactKey: Guid(0993bbe135be9d9448bc4a38da7f6df4) Importer(815301076,1909f56bfc062723c751e8b465ee728b)
Start importing Assets/TileMaps/Terrain/TileSet_1.prefab using Guid(0993bbe135be9d9448bc4a38da7f6df4) Importer(815301076,1909f56bfc062723c751e8b465ee728b)  -> (artifact id: '63206d079162a4c3881ecb8956166fe4') in 0.022582 seconds
Number of updated asset objects reloaded before import = 0
Number of asset objects unloaded after import = 30
========================================================================
Received Import Request.
  Time since last request: 1.281314 seconds.
  path: Assets/TileMaps/Terrain/TileSet_1.prefab
  artifactKey: Guid(0993bbe135be9d9448bc4a38da7f6df4) Importer(815301076,1909f56bfc062723c751e8b465ee728b)
Start importing Assets/TileMaps/Terrain/TileSet_1.prefab using Guid(0993bbe135be9d9448bc4a38da7f6df4) Importer(815301076,1909f56bfc062723c751e8b465ee728b)  -> (artifact id: '6c836884f197ff861733e5d1a86123a7') in 0.010435 seconds
Number of updated asset objects reloaded before import = 0
Number of asset objects unloaded after import = 30
========================================================================
Received Import Request.
  Time since last request: 3.461444 seconds.
  path: Assets/TileMaps/Terrain/TileSet_1.prefab
  artifactKey: Guid(0993bbe135be9d9448bc4a38da7f6df4) Importer(815301076,1909f56bfc062723c751e8b465ee728b)
Start importing Assets/TileMaps/Terrain/TileSet_1.prefab using Guid(0993bbe135be9d9448bc4a38da7f6df4) Importer(815301076,1909f56bfc062723c751e8b465ee728b)  -> (artifact id: 'bb38b1f6fe98a6705decc0caa51195e9') in 0.009642 seconds
Number of updated asset objects reloaded before import = 0
Number of asset objects unloaded after import = 30
========================================================================
Received Import Request.
  Time since last request: 1.277663 seconds.
  path: Assets/TileMaps/Terrain/TileSet_1.prefab
  artifactKey: Guid(0993bbe135be9d9448bc4a38da7f6df4) Importer(815301076,1909f56bfc062723c751e8b465ee728b)
Start importing Assets/TileMaps/Terrain/TileSet_1.prefab using Guid(0993bbe135be9d9448bc4a38da7f6df4) Importer(815301076,1909f56bfc062723c751e8b465ee728b)  -> (artifact id: '780a1ba432a22285321a09c8685b82ac') in 0.010758 seconds
Number of updated asset objects reloaded before import = 0
Number of asset objects unloaded after import = 30
========================================================================
Received Import Request.
  Time since last request: 56.770760 seconds.
  path: Assets/TileMaps/Terrain/TileSet_1.prefab
  artifactKey: Guid(0993bbe135be9d9448bc4a38da7f6df4) Importer(815301076,1909f56bfc062723c751e8b465ee728b)
Start importing Assets/TileMaps/Terrain/TileSet_1.prefab using Guid(0993bbe135be9d9448bc4a38da7f6df4) Importer(815301076,1909f56bfc062723c751e8b465ee728b)  -> (artifact id: '12d38d8cee56674e4d44279413bea49e') in 0.014304 seconds
Number of updated asset objects reloaded before import = 0
Number of asset objects unloaded after import = 11
========================================================================
Received Import Request.
  Time since last request: 12.240657 seconds.
  path: Assets/TileMaps/Terrain/TileSet_1.prefab
  artifactKey: Guid(0993bbe135be9d9448bc4a38da7f6df4) Importer(815301076,1909f56bfc062723c751e8b465ee728b)
Start importing Assets/TileMaps/Terrain/TileSet_1.prefab using Guid(0993bbe135be9d9448bc4a38da7f6df4) Importer(815301076,1909f56bfc062723c751e8b465ee728b)  -> (artifact id: '5fea43fdcb9ac121efde62d4fca4c121') in 0.017728 seconds
Number of updated asset objects reloaded before import = 0
Number of asset objects unloaded after import = 22
========================================================================
Received Import Request.
  Time since last request: 61.263734 seconds.
  path: Assets/TileMaps/Terrain/TileSet_1.prefab
  artifactKey: Guid(0993bbe135be9d9448bc4a38da7f6df4) Importer(815301076,1909f56bfc062723c751e8b465ee728b)
Start importing Assets/TileMaps/Terrain/TileSet_1.prefab using Guid(0993bbe135be9d9448bc4a38da7f6df4) Importer(815301076,1909f56bfc062723c751e8b465ee728b)  -> (artifact id: 'bfd8d88b5bf0cc975be0c66a46d054b5') in 0.010468 seconds
Number of updated asset objects reloaded before import = 0
Number of asset objects unloaded after import = 22
========================================================================
Received Import Request.
  Time since last request: 95.656194 seconds.
  path: Assets/TileMaps/Terrain/TileSet_1.asset
  artifactKey: Guid(d9b5b25a63db26d4c98088ac08a90638) Importer(815301076,1909f56bfc062723c751e8b465ee728b)
Start importing Assets/TileMaps/Terrain/TileSet_1.asset using Guid(d9b5b25a63db26d4c98088ac08a90638) Importer(815301076,1909f56bfc062723c751e8b465ee728b)  -> (artifact id: 'ba8fde876f12ecaa86de166a044a2e2c') in 0.007050 seconds
Number of updated asset objects reloaded before import = 0
Number of asset objects unloaded after import = 10
========================================================================
Received Import Request.
  Time since last request: 1011.256150 seconds.
  path: Assets/TileMaps/Terrain/TileMap5.png
  artifactKey: Guid(754c88322cf085444980dc89923113d2) Importer(815301076,1909f56bfc062723c751e8b465ee728b)
Start importing Assets/TileMaps/Terrain/TileMap5.png using Guid(754c88322cf085444980dc89923113d2) Importer(815301076,1909f56bfc062723c751e8b465ee728b)  -> (artifact id: 'b036163983ce842cb7d70177c2aefb81') in 0.024985 seconds
Number of updated asset objects reloaded before import = 0
Number of asset objects unloaded after import = 3
========================================================================
Received Import Request.
  Time since last request: 13.251706 seconds.
  path: Assets/TileMaps/Terrain/TileSet_1.prefab
  artifactKey: Guid(0993bbe135be9d9448bc4a38da7f6df4) Importer(815301076,1909f56bfc062723c751e8b465ee728b)
Start importing Assets/TileMaps/Terrain/TileSet_1.prefab using Guid(0993bbe135be9d9448bc4a38da7f6df4) Importer(815301076,1909f56bfc062723c751e8b465ee728b)  -> (artifact id: 'a90acb1e3527e0e272e21239899372f7') in 0.008575 seconds
Number of updated asset objects reloaded before import = 0
Number of asset objects unloaded after import = 12
========================================================================
Received Import Request.
  Time since last request: 20.456323 seconds.
  path: Assets/TileMaps/Terrain/New Tile Palette 1.prefab
  artifactKey: Guid(f744cca814c856e40b5d3c0e8fe10bc9) Importer(815301076,1909f56bfc062723c751e8b465ee728b)
Start importing Assets/TileMaps/Terrain/New Tile Palette 1.prefab using Guid(f744cca814c856e40b5d3c0e8fe10bc9) Importer(815301076,1909f56bfc062723c751e8b465ee728b)  -> (artifact id: 'a4c6f9dfbcc547837ada5d6a5611e954') in 0.011063 seconds
Number of updated asset objects reloaded before import = 0
Number of asset objects unloaded after import = 12
========================================================================
Received Import Request.
  Time since last request: 16.090660 seconds.
  path: Assets/TileMaps/Terrain/TileMap5.png
  artifactKey: Guid(754c88322cf085444980dc89923113d2) Importer(815301076,1909f56bfc062723c751e8b465ee728b)
Start importing Assets/TileMaps/Terrain/TileMap5.png using Guid(754c88322cf085444980dc89923113d2) Importer(815301076,1909f56bfc062723c751e8b465ee728b)  -> (artifact id: 'cb87b4689e069b9f35bb70b1d94b7011') in 0.010726 seconds
Number of updated asset objects reloaded before import = 0
Number of asset objects unloaded after import = 3
========================================================================
Received Import Request.
  Time since last request: 9.816204 seconds.
  path: Assets/TileMaps/Terrain/New Tile Palette 1.prefab
  artifactKey: Guid(f744cca814c856e40b5d3c0e8fe10bc9) Importer(815301076,1909f56bfc062723c751e8b465ee728b)
Start importing Assets/TileMaps/Terrain/New Tile Palette 1.prefab using Guid(f744cca814c856e40b5d3c0e8fe10bc9) Importer(815301076,1909f56bfc062723c751e8b465ee728b)  -> (artifact id: '7306ec662c59745e705545ba8fc36811') in 0.006697 seconds
Number of updated asset objects reloaded before import = 0
Number of asset objects unloaded after import = 12
========================================================================
Received Import Request.
  Time since last request: 3.755390 seconds.
  path: Assets/TileMaps/Terrain/New Tile Palette 1.prefab
  artifactKey: Guid(f744cca814c856e40b5d3c0e8fe10bc9) Importer(815301076,1909f56bfc062723c751e8b465ee728b)
Start importing Assets/TileMaps/Terrain/New Tile Palette 1.prefab using Guid(f744cca814c856e40b5d3c0e8fe10bc9) Importer(815301076,1909f56bfc062723c751e8b465ee728b)  -> (artifact id: '951ec47826d728b9a5bea55a437cf77c') in 0.011312 seconds
Number of updated asset objects reloaded before import = 0
Number of asset objects unloaded after import = 14
========================================================================
Received Import Request.
  Time since last request: 16.441155 seconds.
  path: Assets/TileMaps/Terrain/New Tile Palette 1.prefab
  artifactKey: Guid(f744cca814c856e40b5d3c0e8fe10bc9) Importer(815301076,1909f56bfc062723c751e8b465ee728b)
Start importing Assets/TileMaps/Terrain/New Tile Palette 1.prefab using Guid(f744cca814c856e40b5d3c0e8fe10bc9) Importer(815301076,1909f56bfc062723c751e8b465ee728b)  -> (artifact id: 'f5b5ddd20d8855432c1f59cf2eab08ce') in 0.006710 seconds
Number of updated asset objects reloaded before import = 0
Number of asset objects unloaded after import = 11
========================================================================
Received Import Request.
  Time since last request: 13.556689 seconds.
  path: Assets/TileMaps/Terrain/TileMap5.png
  artifactKey: Guid(754c88322cf085444980dc89923113d2) Importer(815301076,1909f56bfc062723c751e8b465ee728b)
Start importing Assets/TileMaps/Terrain/TileMap5.png using Guid(754c88322cf085444980dc89923113d2) Importer(815301076,1909f56bfc062723c751e8b465ee728b)  -> (artifact id: 'f3a6c5d1132a8ea8167aed730fbe6073') in 0.031682 seconds
Number of updated asset objects reloaded before import = 0
Number of asset objects unloaded after import = 23
========================================================================
Received Import Request.
  Time since last request: 9.067956 seconds.
  path: Assets/TileMaps/Terrain/New Tile Palette 1.prefab
  artifactKey: Guid(f744cca814c856e40b5d3c0e8fe10bc9) Importer(815301076,1909f56bfc062723c751e8b465ee728b)
Start importing Assets/TileMaps/Terrain/New Tile Palette 1.prefab using Guid(f744cca814c856e40b5d3c0e8fe10bc9) Importer(815301076,1909f56bfc062723c751e8b465ee728b)  -> (artifact id: 'f397b9afdb4a51c6653d93895b78de75') in 0.007157 seconds
Number of updated asset objects reloaded before import = 0
Number of asset objects unloaded after import = 12
========================================================================
Received Import Request.
  Time since last request: 56.131859 seconds.
  path: Assets/TileMaps/Terrain/New Tile Palette 1.prefab
  artifactKey: Guid(f744cca814c856e40b5d3c0e8fe10bc9) Importer(815301076,1909f56bfc062723c751e8b465ee728b)
Start importing Assets/TileMaps/Terrain/New Tile Palette 1.prefab using Guid(f744cca814c856e40b5d3c0e8fe10bc9) Importer(815301076,1909f56bfc062723c751e8b465ee728b)  -> (artifact id: '30ff588a985e0a9e940ed5341ca3250f') in 0.011078 seconds
Number of updated asset objects reloaded before import = 0
Number of asset objects unloaded after import = 12
========================================================================
Received Import Request.
  Time since last request: 9.928268 seconds.
  path: Assets/TileMaps/Terrain/TileMap5_0.asset
  artifactKey: Guid(5fe00012904a6b042b643667595ac959) Importer(815301076,1909f56bfc062723c751e8b465ee728b)
Start importing Assets/TileMaps/Terrain/TileMap5_0.asset using Guid(5fe00012904a6b042b643667595ac959) Importer(815301076,1909f56bfc062723c751e8b465ee728b)  -> (artifact id: '57fb84c0b75261c6d4dfef20d5e082e8') in 0.008622 seconds
Number of updated asset objects reloaded before import = 0
Number of asset objects unloaded after import = 3
========================================================================
Received Import Request.
  Time since last request: 0.000018 seconds.
  path: Assets/TileMaps/Terrain/TileMap5_10.asset
  artifactKey: Guid(9080d88f0e737214c8c5d9290a7ab6d4) Importer(815301076,1909f56bfc062723c751e8b465ee728b)
Start importing Assets/TileMaps/Terrain/TileMap5_10.asset using Guid(9080d88f0e737214c8c5d9290a7ab6d4) Importer(815301076,1909f56bfc062723c751e8b465ee728b)  -> (artifact id: '9d88c15a6784979f83bd68a7d626fd50') in 0.008386 seconds
Number of updated asset objects reloaded before import = 0
Number of asset objects unloaded after import = 3
========================================================================
Received Import Request.
  Time since last request: 0.000025 seconds.
  path: Assets/TileMaps/Terrain/TileMap5_4.asset
  artifactKey: Guid(23f817caddc8d7c41b891c098c923ce7) Importer(815301076,1909f56bfc062723c751e8b465ee728b)
Start importing Assets/TileMaps/Terrain/TileMap5_4.asset using Guid(23f817caddc8d7c41b891c098c923ce7) Importer(815301076,1909f56bfc062723c751e8b465ee728b)  -> (artifact id: '4b51ac85e42bc3e224f252e31038b676') in 0.007451 seconds
Number of updated asset objects reloaded before import = 0
Number of asset objects unloaded after import = 3
========================================================================
Received Import Request.
  Time since last request: 0.000017 seconds.
  path: Assets/TileMaps/Terrain/TileMap5_12.asset
  artifactKey: Guid(05945ca1dbfa54b45af2c2179d658368) Importer(815301076,1909f56bfc062723c751e8b465ee728b)
Start importing Assets/TileMaps/Terrain/TileMap5_12.asset using Guid(05945ca1dbfa54b45af2c2179d658368) Importer(815301076,1909f56bfc062723c751e8b465ee728b)  -> (artifact id: 'b2dbff330cea27ef977869cff76638ca') in 0.008824 seconds
Number of updated asset objects reloaded before import = 0
Number of asset objects unloaded after import = 3
========================================================================
Received Import Request.
  Time since last request: 0.000022 seconds.
  path: Assets/TileMaps/Terrain/TileMap5_6.asset
  artifactKey: Guid(ae4d4dd14c8919145b6c244ef2b08bc9) Importer(815301076,1909f56bfc062723c751e8b465ee728b)
Start importing Assets/TileMaps/Terrain/TileMap5_6.asset using Guid(ae4d4dd14c8919145b6c244ef2b08bc9) Importer(815301076,1909f56bfc062723c751e8b465ee728b)  -> (artifact id: 'd23dc94f9fa4eea2973a20f86a7b484f') in 0.007537 seconds
Number of updated asset objects reloaded before import = 0
Number of asset objects unloaded after import = 3
========================================================================
Received Import Request.
  Time since last request: 0.000018 seconds.
  path: Assets/TileMaps/Terrain/TileMap5_8.asset
  artifactKey: Guid(aceeb414d83a5f14cb9fb50dff7026bd) Importer(815301076,1909f56bfc062723c751e8b465ee728b)
Start importing Assets/TileMaps/Terrain/TileMap5_8.asset using Guid(aceeb414d83a5f14cb9fb50dff7026bd) Importer(815301076,1909f56bfc062723c751e8b465ee728b)  -> (artifact id: 'aeb01681a66a8ad4cc66a10a6f2b11d6') in 0.006732 seconds
Number of updated asset objects reloaded before import = 0
Number of asset objects unloaded after import = 3
========================================================================
Received Import Request.
  Time since last request: 0.000019 seconds.
  path: Assets/TileMaps/Terrain/TileMap5_13.asset
  artifactKey: Guid(81cae3d51e89e604ba5f86301d2e7adc) Importer(815301076,1909f56bfc062723c751e8b465ee728b)
Start importing Assets/TileMaps/Terrain/TileMap5_13.asset using Guid(81cae3d51e89e604ba5f86301d2e7adc) Importer(815301076,1909f56bfc062723c751e8b465ee728b)  -> (artifact id: '1945e9aa6871c93634f5aaac8c40f1c4') in 0.008039 seconds
Number of updated asset objects reloaded before import = 0
Number of asset objects unloaded after import = 3
========================================================================
Received Import Request.
  Time since last request: 0.000020 seconds.
  path: Assets/TileMaps/Terrain/TileMap5_3.asset
  artifactKey: Guid(4ce83f3d1e5bfc447b37503bc2f120af) Importer(815301076,1909f56bfc062723c751e8b465ee728b)
Start importing Assets/TileMaps/Terrain/TileMap5_3.asset using Guid(4ce83f3d1e5bfc447b37503bc2f120af) Importer(815301076,1909f56bfc062723c751e8b465ee728b)  -> (artifact id: '1c124c7d2c35bf40d6b584ecd7698853') in 0.007101 seconds
Number of updated asset objects reloaded before import = 0
Number of asset objects unloaded after import = 3
========================================================================
Received Import Request.
  Time since last request: 0.818369 seconds.
  path: Assets/TileMaps/Terrain/TileMap5_15.asset
  artifactKey: Guid(0df2de0a58436f848bb7f9a602484dda) Importer(815301076,1909f56bfc062723c751e8b465ee728b)
Start importing Assets/TileMaps/Terrain/TileMap5_15.asset using Guid(0df2de0a58436f848bb7f9a602484dda) Importer(815301076,1909f56bfc062723c751e8b465ee728b)  -> (artifact id: 'a4e9829a88133f2ad197b4c02a63bc6e') in 0.007221 seconds
Number of updated asset objects reloaded before import = 0
Number of asset objects unloaded after import = 3
========================================================================
Received Import Request.
  Time since last request: 0.000019 seconds.
  path: Assets/TileMaps/Terrain/TileMap5_20.asset
  artifactKey: Guid(1722ca7e6eaa378429f3e3aa58bac887) Importer(815301076,1909f56bfc062723c751e8b465ee728b)
Start importing Assets/TileMaps/Terrain/TileMap5_20.asset using Guid(1722ca7e6eaa378429f3e3aa58bac887) Importer(815301076,1909f56bfc062723c751e8b465ee728b)  -> (artifact id: '634d433cdd439cedf0a5cd1a69dd7a26') in 0.004443 seconds
Number of updated asset objects reloaded before import = 0
Number of asset objects unloaded after import = 3
========================================================================
Received Import Request.
  Time since last request: 0.000026 seconds.
  path: Assets/TileMaps/Terrain/TileMap5_19.asset
  artifactKey: Guid(6391ae576979fb6498b02b5ceacef5e8) Importer(815301076,1909f56bfc062723c751e8b465ee728b)
Start importing Assets/TileMaps/Terrain/TileMap5_19.asset using Guid(6391ae576979fb6498b02b5ceacef5e8) Importer(815301076,1909f56bfc062723c751e8b465ee728b)  -> (artifact id: 'e5b6a30e6c742a68566737cb8d306cc8') in 0.007673 seconds
Number of updated asset objects reloaded before import = 0
Number of asset objects unloaded after import = 3
Editor requested this worker to shutdown with reason: Scaling down because of idle timeout
AssetImportWorker is now disconnected from the server
Process exiting
Exiting without the bug reporter. Application will terminate with return code 0