Using pre-set license
Built from '2023.1/staging' branch; Version is '2023.1.0b14 (3321931063a3) revision 3350931'; Using compiler version '192829333'; Build Type 'Release'
OS: 'Windows 11  (10.0.22621) 64bit Professional' Language: 'pt' Physical Memory: 65459 MB
BatchMode: 1, IsHumanControllingUs: 0, StartBugReporterOnCrash: 0, Is64bit: 1, IsPro: 1

COMMAND LINE ARGUMENTS:
C:\Program Files\Unity\Hub\Editor\2023.1.0b14\Editor\Unity.exe
-adb2
-batchMode
-noUpm
-name
AssetImportWorker6
-projectPath
F:/Downloads/Unity Projects/Tales of Forgor/GameProject
-logFile
Logs/AssetImportWorker6.log
-srvPort
50176
Successfully changed project path to: F:/Downloads/Unity Projects/Tales of Forgor/GameProject
F:/Downloads/Unity Projects/Tales of Forgor/GameProject
[UnityMemory] Configuration Parameters - Can be set up in boot.config
    "memorysetup-bucket-allocator-granularity=16"
    "memorysetup-bucket-allocator-bucket-count=8"
    "memorysetup-bucket-allocator-block-size=33554432"
    "memorysetup-bucket-allocator-block-count=8"
    "memorysetup-main-allocator-block-size=16777216"
    "memorysetup-thread-allocator-block-size=16777216"
    "memorysetup-gfx-main-allocator-block-size=16777216"
    "memorysetup-gfx-thread-allocator-block-size=16777216"
    "memorysetup-cache-allocator-block-size=4194304"
    "memorysetup-typetree-allocator-block-size=2097152"
    "memorysetup-profiler-bucket-allocator-granularity=16"
    "memorysetup-profiler-bucket-allocator-bucket-count=8"
    "memorysetup-profiler-bucket-allocator-block-size=33554432"
    "memorysetup-profiler-bucket-allocator-block-count=8"
    "memorysetup-profiler-allocator-block-size=16777216"
    "memorysetup-profiler-editor-allocator-block-size=1048576"
    "memorysetup-temp-allocator-size-main=16777216"
    "memorysetup-job-temp-allocator-block-size=2097152"
    "memorysetup-job-temp-allocator-block-size-background=1048576"
    "memorysetup-job-temp-allocator-reduction-small-platforms=262144"
    "memorysetup-temp-allocator-size-background-worker=32768"
    "memorysetup-temp-allocator-size-job-worker=262144"
    "memorysetup-temp-allocator-size-preload-manager=33554432"
    "memorysetup-temp-allocator-size-nav-mesh-worker=65536"
    "memorysetup-temp-allocator-size-audio-worker=65536"
    "memorysetup-temp-allocator-size-cloud-worker=32768"
    "memorysetup-temp-allocator-size-gi-baking-worker=262144"
    "memorysetup-temp-allocator-size-gfx=262144"
Player connection [27336] Host "[IP] 192.168.0.134 [Port] 0 [Flags] 2 [Guid] 1740641944 [EditorId] 1740641944 [Version] 1048832 [Id] WindowsEditor(7,DESKTOP-DAVID) [Debug] 1 [PackageName] WindowsEditor [ProjectName] Editor" joined multi-casting on [225.0.0.222:54997]...

Player connection [27336] Host "[IP] 192.168.0.134 [Port] 0 [Flags] 2 [Guid] 1740641944 [EditorId] 1740641944 [Version] 1048832 [Id] WindowsEditor(7,DESKTOP-DAVID) [Debug] 1 [PackageName] WindowsEditor [ProjectName] Editor" joined alternative multi-casting on [225.0.0.222:34997]...

Library Redirect Path: Library/Refreshing native plugins compatible for Editor in 10.94 ms, found 4 plugins.
Preloading 0 native plugins for Editor in 0.00 ms.
Initialize engine version: 2023.1.0b14 (3321931063a3)
[Subsystems] Discovering subsystems at path C:/Program Files/Unity/Hub/Editor/2023.1.0b14/Editor/Data/Resources/UnitySubsystems
[Subsystems] Discovering subsystems at path F:/Downloads/Unity Projects/Tales of Forgor/GameProject/Assets
GfxDevice: creating device client; threaded=0; jobified=0
Direct3D:
    Version:  Direct3D 11.0 [level 11.1]
    Renderer: NVIDIA GeForce RTX 3080 (ID=0x220a)
    Vendor:   NVIDIA
    VRAM:     12107 MB
    Driver:   31.0.15.3168
Initialize mono
Mono path[0] = 'C:/Program Files/Unity/Hub/Editor/2023.1.0b14/Editor/Data/Managed'
Mono path[1] = 'C:/Program Files/Unity/Hub/Editor/2023.1.0b14/Editor/Data/MonoBleedingEdge/lib/mono/unityjit-win32'
Mono config path = 'C:/Program Files/Unity/Hub/Editor/2023.1.0b14/Editor/Data/MonoBleedingEdge/etc'
Using monoOptions --debugger-agent=transport=dt_socket,embedding=1,server=y,suspend=n,address=127.0.0.1:56040
Begin MonoManager ReloadAssembly
C:\build\output\Unity-Technologies\mono\mono\metadata\icall.c:1842:
C:\build\output\Unity-Technologies\mono\mono\metadata\icall.c:1842:
C:\build\output\Unity-Technologies\mono\mono\metadata\icall.c:1842:
C:\build\output\Unity-Technologies\mono\mono\metadata\icall.c:1842:
C:\build\output\Unity-Technologies\mono\mono\metadata\icall.c:1842:
C:\build\output\Unity-Technologies\mono\mono\metadata\icall.c:1842:
C:\build\output\Unity-Technologies\mono\mono\metadata\icall.c:1842:
C:\build\output\Unity-Technologies\mono\mono\metadata\icall.c:1842:
C:\build\output\Unity-Technologies\mono\mono\metadata\icall.c:1842:
C:\build\output\Unity-Technologies\mono\mono\metadata\icall.c:1842:
Registering precompiled unity dll's ...
Register platform support module: C:/Program Files/Unity/Hub/Editor/2023.1.0b14/Editor/Data/PlaybackEngines/WindowsStandaloneSupport/UnityEditor.WindowsStandalone.Extensions.dll
Registered in 0.003135 seconds.
- Loaded All Assemblies, in  0.345 seconds
Native extension for WindowsStandalone target not found
Mono: successfully reloaded assembly
C:\build\output\Unity-Technologies\mono\mono\metadata\icall.c:1842:
C:\build\output\Unity-Technologies\mono\mono\metadata\icall.c:1842:
- Finished resetting the current domain, in  0.257 seconds
Domain Reload Profiling: 600ms
	BeginReloadAssembly (116ms)
		ExecutionOrderSort (0ms)
		DisableScriptedObjects (0ms)
		BackupInstance (0ms)
		ReleaseScriptingObjects (0ms)
		CreateAndSetChildDomain (1ms)
	RebuildCommonClasses (40ms)
	RebuildNativeTypeToScriptingClass (10ms)
	initialDomainReloadingComplete (45ms)
	LoadAllAssembliesAndSetupDomain (132ms)
		LoadAssemblies (114ms)
		RebuildTransferFunctionScriptingTraits (0ms)
		AnalyzeDomain (128ms)
			TypeCache.Refresh (127ms)
				TypeCache.ScanAssembly (117ms)
			ScanForSourceGeneratedMonoScriptInfo (0ms)
			ResolveRequiredComponents (0ms)
	FinalizeReload (258ms)
		ReleaseScriptCaches (0ms)
		RebuildScriptCaches (0ms)
		SetupLoadedEditorAssemblies (217ms)
			LogAssemblyErrors (0ms)
			InitializePlatformSupportModulesInManaged (8ms)
			SetLoadedEditorAssemblies (4ms)
			BeforeProcessingInitializeOnLoad (7ms)
			ProcessInitializeOnLoadAttributes (152ms)
			ProcessInitializeOnLoadMethodAttributes (45ms)
			AfterProcessingInitializeOnLoad (0ms)
			EditorAssembliesLoaded (0ms)
		ExecutionOrderSort2 (0ms)
		AwakeInstancesAfterBackupRestoration (0ms)
========================================================================
Worker process is ready to serve import requests
Import Worker Mode flag is 0x00
Begin MonoManager ReloadAssembly
C:\build\output\Unity-Technologies\mono\mono\metadata\icall.c:1842:
C:\build\output\Unity-Technologies\mono\mono\metadata\icall.c:1842:
C:\build\output\Unity-Technologies\mono\mono\metadata\icall.c:1842:
C:\build\output\Unity-Technologies\mono\mono\metadata\icall.c:1842:
C:\build\output\Unity-Technologies\mono\mono\metadata\icall.c:1842:
C:\build\output\Unity-Technologies\mono\mono\metadata\icall.c:1842:
C:\build\output\Unity-Technologies\mono\mono\metadata\icall.c:1842:
C:\build\output\Unity-Technologies\mono\mono\metadata\icall.c:1842:
C:\build\output\Unity-Technologies\mono\mono\metadata\icall.c:1842:
C:\build\output\Unity-Technologies\mono\mono\metadata\icall.c:1842:
C:\build\output\Unity-Technologies\mono\mono\metadata\icall.c:1842:
C:\build\output\Unity-Technologies\mono\mono\metadata\icall.c:1842:
Symbol file LoadedFromMemory doesn't match image F:\Downloads\Unity Projects\Tales of Forgor\GameProject\Library\PackageCache\com.unity.visualscripting@1.8.0\Editor\VisualScripting.Core\Dependencies\YamlDotNet\Unity.VisualScripting.YamlDotNet.dll
Symbol file LoadedFromMemory doesn't match image F:\Downloads\Unity Projects\Tales of Forgor\GameProject\Library\PackageCache\com.unity.visualscripting@1.8.0\Editor\VisualScripting.Core\Dependencies\DotNetZip\Unity.VisualScripting.IonicZip.dll
- Loaded All Assemblies, in  1.088 seconds
Refreshing native plugins compatible for Editor in 4.15 ms, found 4 plugins.
Native extension for WindowsStandalone target not found
Mono: successfully reloaded assembly
- Finished resetting the current domain, in  0.913 seconds
Domain Reload Profiling: 2005ms
	BeginReloadAssembly (307ms)
		ExecutionOrderSort (0ms)
		DisableScriptedObjects (7ms)
		BackupInstance (0ms)
		ReleaseScriptingObjects (0ms)
		CreateAndSetChildDomain (45ms)
	RebuildCommonClasses (31ms)
	RebuildNativeTypeToScriptingClass (11ms)
	initialDomainReloadingComplete (42ms)
	LoadAllAssembliesAndSetupDomain (700ms)
		LoadAssemblies (321ms)
		RebuildTransferFunctionScriptingTraits (0ms)
		AnalyzeDomain (473ms)
			TypeCache.Refresh (429ms)
				TypeCache.ScanAssembly (412ms)
			ScanForSourceGeneratedMonoScriptInfo (33ms)
			ResolveRequiredComponents (9ms)
	FinalizeReload (913ms)
		ReleaseScriptCaches (0ms)
		RebuildScriptCaches (0ms)
		SetupLoadedEditorAssemblies (581ms)
			LogAssemblyErrors (0ms)
			InitializePlatformSupportModulesInManaged (5ms)
			SetLoadedEditorAssemblies (3ms)
			BeforeProcessingInitializeOnLoad (86ms)
			ProcessInitializeOnLoadAttributes (451ms)
			ProcessInitializeOnLoadMethodAttributes (32ms)
			AfterProcessingInitializeOnLoad (4ms)
			EditorAssembliesLoaded (0ms)
		ExecutionOrderSort2 (0ms)
		AwakeInstancesAfterBackupRestoration (5ms)
Launched and connected shader compiler UnityShaderCompiler.exe after 0.03 seconds
Refreshing native plugins compatible for Editor in 3.97 ms, found 4 plugins.
Preloading 0 native plugins for Editor in 0.00 ms.
Unloading 5773 Unused Serialized files (Serialized files now loaded: 0)
Unloading 88 unused Assets / (1.5 MB). Loaded Objects now: 6337.
Memory consumption went from 244.4 MB to 242.9 MB.
Total: 6.647500 ms (FindLiveObjects: 0.638200 ms CreateObjectMapping: 0.548300 ms MarkObjects: 5.101900 ms  DeleteObjects: 0.356400 ms)

AssetImportParameters requested are different than current active one (requested -> active):
  custom:video-decoder-webm-vp8: 9c59270c3fd7afecdb556c50c9e8de78 -> 
  custom:audio-encoder-webm-vorbis: bf7c407c2cedff20999df2af8eb42d56 -> 
  custom:AudioImporter_EditorPlatform: d09bf68614088b80899f8185d706f6e7 -> 
  custom:audio-decoder-ogg-vorbis: bf7c407c2cedff20999df2af8eb42d56 -> 
  custom:video-encoder-webm-vp8: eb34c28f22e8b96e1ab97ce403110664 -> 
  custom:container-demuxer-ogg: 62fdf1f143b41e24485cea50d1cbac27 -> 
  custom:framework-win-MediaFoundation: 216162199b28c13a410421893ffa2e32 -> 
  custom:video-decoder-ogg-theora: a1e56fd34408186e4bbccfd4996cb3dc -> 
  custom:container-muxer-webm: aa71ff27fc2769a1b78a27578f13a17b -> 
  custom:video-codec-MediaFoundation-h265: 746d11721c4dcdbdad8f713fa42b33f4 -> 
  custom:container-demuxer-webm: 4f35f7cbe854078d1ac9338744f61a02 -> 
========================================================================
Received Import Request.
  Time since last request: 10630.117754 seconds.
  path: Assets/TileMaps/Terrain/TileMap5.png
  artifactKey: Guid(754c88322cf085444980dc89923113d2) Importer(815301076,1909f56bfc062723c751e8b465ee728b)
Start importing Assets/TileMaps/Terrain/TileMap5.png using Guid(754c88322cf085444980dc89923113d2) Importer(815301076,1909f56bfc062723c751e8b465ee728b)  -> (artifact id: 'fa27d0adef6aef0c2cedd5338a9ce6cc') in 0.139664 seconds
Number of updated asset objects reloaded before import = 0
Number of asset objects unloaded after import = 26
========================================================================
Received Import Request.
  Time since last request: 0.570692 seconds.
  path: Assets/TileMaps/Terrain/TileSet_1.asset
  artifactKey: Guid(d9b5b25a63db26d4c98088ac08a90638) Importer(815301076,1909f56bfc062723c751e8b465ee728b)
Start importing Assets/TileMaps/Terrain/TileSet_1.asset using Guid(d9b5b25a63db26d4c98088ac08a90638) Importer(815301076,1909f56bfc062723c751e8b465ee728b)  -> (artifact id: 'aedf3a77d8e23ed965c49f60abca41dd') in 0.007581 seconds
Number of updated asset objects reloaded before import = 0
Number of asset objects unloaded after import = 13
========================================================================
Received Import Request.
  Time since last request: 47.200103 seconds.
  path: Assets/TileMaps/Terrain/TileSet_1.asset
  artifactKey: Guid(d9b5b25a63db26d4c98088ac08a90638) Importer(815301076,1909f56bfc062723c751e8b465ee728b)
Start importing Assets/TileMaps/Terrain/TileSet_1.asset using Guid(d9b5b25a63db26d4c98088ac08a90638) Importer(815301076,1909f56bfc062723c751e8b465ee728b)  -> (artifact id: '1ed2deb53bb486182c27ac4f0b01176e') in 0.002550 seconds
Number of updated asset objects reloaded before import = 0
Number of asset objects unloaded after import = 17
========================================================================
Received Import Request.
  Time since last request: 4.102501 seconds.
  path: Assets/TileMaps/Terrain/TileSet_1.asset
  artifactKey: Guid(d9b5b25a63db26d4c98088ac08a90638) Importer(815301076,1909f56bfc062723c751e8b465ee728b)
Start importing Assets/TileMaps/Terrain/TileSet_1.asset using Guid(d9b5b25a63db26d4c98088ac08a90638) Importer(815301076,1909f56bfc062723c751e8b465ee728b)  -> (artifact id: 'e92dcc85f175625dcab95a9d0f3a5db3') in 0.002785 seconds
Number of updated asset objects reloaded before import = 0
Number of asset objects unloaded after import = 17
========================================================================
Received Import Request.
  Time since last request: 475.336067 seconds.
  path: Assets/TileMaps/Terrain/TileMap5.png
  artifactKey: Guid(754c88322cf085444980dc89923113d2) Importer(815301076,1909f56bfc062723c751e8b465ee728b)
Start importing Assets/TileMaps/Terrain/TileMap5.png using Guid(754c88322cf085444980dc89923113d2) Importer(815301076,1909f56bfc062723c751e8b465ee728b)  -> (artifact id: '3ed637dfecafdd2471c6bfcb0cdeda12') in 0.052068 seconds
Number of updated asset objects reloaded before import = 0
Number of asset objects unloaded after import = 26
========================================================================
Received Import Request.
  Time since last request: 0.000033 seconds.
  path: Assets/TileMaps/Terrain/TileMap5_4.asset
  artifactKey: Guid(23f817caddc8d7c41b891c098c923ce7) Importer(815301076,1909f56bfc062723c751e8b465ee728b)
Start importing Assets/TileMaps/Terrain/TileMap5_4.asset using Guid(23f817caddc8d7c41b891c098c923ce7) Importer(815301076,1909f56bfc062723c751e8b465ee728b)  -> (artifact id: '4216cb208a12c52367ad353600f2765f') in 0.011681 seconds
Number of updated asset objects reloaded before import = 0
Number of asset objects unloaded after import = 3
========================================================================
Received Import Request.
  Time since last request: 0.000022 seconds.
  path: Assets/TileMaps/Terrain/TileMap5_5.asset
  artifactKey: Guid(f24e302afb35b3441981f140d0efee22) Importer(815301076,1909f56bfc062723c751e8b465ee728b)
Start importing Assets/TileMaps/Terrain/TileMap5_5.asset using Guid(f24e302afb35b3441981f140d0efee22) Importer(815301076,1909f56bfc062723c751e8b465ee728b)  -> (artifact id: 'a9e217660cddd418487eabb03be9ab23') in 0.004527 seconds
Number of updated asset objects reloaded before import = 0
Number of asset objects unloaded after import = 3
========================================================================
Received Import Request.
  Time since last request: 0.000015 seconds.
  path: Assets/TileMaps/Terrain/TileMap5_12.asset
  artifactKey: Guid(05945ca1dbfa54b45af2c2179d658368) Importer(815301076,1909f56bfc062723c751e8b465ee728b)
Start importing Assets/TileMaps/Terrain/TileMap5_12.asset using Guid(05945ca1dbfa54b45af2c2179d658368) Importer(815301076,1909f56bfc062723c751e8b465ee728b)  -> (artifact id: 'f468549206e4e25ad6a8b73773ff3d98') in 0.006946 seconds
Number of updated asset objects reloaded before import = 0
Number of asset objects unloaded after import = 3
========================================================================
Received Import Request.
  Time since last request: 0.000013 seconds.
  path: Assets/TileMaps/Terrain/TileMap5_18.asset
  artifactKey: Guid(05dcf71b3e559a1489631aeaf9285cc7) Importer(815301076,1909f56bfc062723c751e8b465ee728b)
Start importing Assets/TileMaps/Terrain/TileMap5_18.asset using Guid(05dcf71b3e559a1489631aeaf9285cc7) Importer(815301076,1909f56bfc062723c751e8b465ee728b)  -> (artifact id: 'bc3f8d362f548506449bc8099df557fe') in 0.004783 seconds
Number of updated asset objects reloaded before import = 0
Number of asset objects unloaded after import = 3
========================================================================
Received Import Request.
  Time since last request: 0.000017 seconds.
  path: Assets/TileMaps/Terrain/TileMap5_9.asset
  artifactKey: Guid(7356bc7668bab45488a5574951dfb034) Importer(815301076,1909f56bfc062723c751e8b465ee728b)
Start importing Assets/TileMaps/Terrain/TileMap5_9.asset using Guid(7356bc7668bab45488a5574951dfb034) Importer(815301076,1909f56bfc062723c751e8b465ee728b)  -> (artifact id: 'b6aabc03ba7bb4a6cf22955293b66cc6') in 0.004000 seconds
Number of updated asset objects reloaded before import = 0
Number of asset objects unloaded after import = 3
========================================================================
Received Import Request.
  Time since last request: 0.000013 seconds.
  path: Assets/TileMaps/Terrain/TileMap5_2.asset
  artifactKey: Guid(40eff3e5c6198c942b35a68ac2b8e005) Importer(815301076,1909f56bfc062723c751e8b465ee728b)
Start importing Assets/TileMaps/Terrain/TileMap5_2.asset using Guid(40eff3e5c6198c942b35a68ac2b8e005) Importer(815301076,1909f56bfc062723c751e8b465ee728b)  -> (artifact id: '06ff25e2acb2e2e011273c49df2ed641') in 0.003960 seconds
Number of updated asset objects reloaded before import = 0
Number of asset objects unloaded after import = 3
========================================================================
Received Import Request.
  Time since last request: 0.000012 seconds.
  path: Assets/TileMaps/Terrain/TileMap5_16.asset
  artifactKey: Guid(e76ab2cfab837c346944342be17a46ba) Importer(815301076,1909f56bfc062723c751e8b465ee728b)
Start importing Assets/TileMaps/Terrain/TileMap5_16.asset using Guid(e76ab2cfab837c346944342be17a46ba) Importer(815301076,1909f56bfc062723c751e8b465ee728b)  -> (artifact id: '748afa955c909da7c767e4fdfb2fb502') in 0.003746 seconds
Number of updated asset objects reloaded before import = 0
Number of asset objects unloaded after import = 3
========================================================================
Received Import Request.
  Time since last request: 0.000014 seconds.
  path: Assets/TileMaps/Terrain/TileMap5_13.asset
  artifactKey: Guid(81cae3d51e89e604ba5f86301d2e7adc) Importer(815301076,1909f56bfc062723c751e8b465ee728b)
Start importing Assets/TileMaps/Terrain/TileMap5_13.asset using Guid(81cae3d51e89e604ba5f86301d2e7adc) Importer(815301076,1909f56bfc062723c751e8b465ee728b)  -> (artifact id: 'ffedf486a57bc34a0ea5cb010a36ee4f') in 0.003759 seconds
Number of updated asset objects reloaded before import = 0
Number of asset objects unloaded after import = 3
========================================================================
Received Import Request.
  Time since last request: 0.000029 seconds.
  path: Assets/TileMaps/Terrain/TileMap5_3.asset
  artifactKey: Guid(4ce83f3d1e5bfc447b37503bc2f120af) Importer(815301076,1909f56bfc062723c751e8b465ee728b)
Start importing Assets/TileMaps/Terrain/TileMap5_3.asset using Guid(4ce83f3d1e5bfc447b37503bc2f120af) Importer(815301076,1909f56bfc062723c751e8b465ee728b)  -> (artifact id: '4325100ccb6769b9f75066b3adee18bc') in 0.004694 seconds
Number of updated asset objects reloaded before import = 0
Number of asset objects unloaded after import = 3
========================================================================
Received Import Request.
  Time since last request: 15.310610 seconds.
  path: Assets/TileMaps/Terrain/TileMap5.png
  artifactKey: Guid(754c88322cf085444980dc89923113d2) Importer(815301076,1909f56bfc062723c751e8b465ee728b)
Start importing Assets/TileMaps/Terrain/TileMap5.png using Guid(754c88322cf085444980dc89923113d2) Importer(815301076,1909f56bfc062723c751e8b465ee728b)  -> (artifact id: 'a9fcc5a8e567f2daccdb549d1fb6f4f2') in 0.051548 seconds
Number of updated asset objects reloaded before import = 0
Number of asset objects unloaded after import = 27
========================================================================
Received Import Request.
  Time since last request: 0.000034 seconds.
  path: Assets/TileMaps/Terrain/TileMap5_4.asset
  artifactKey: Guid(23f817caddc8d7c41b891c098c923ce7) Importer(815301076,1909f56bfc062723c751e8b465ee728b)
Start importing Assets/TileMaps/Terrain/TileMap5_4.asset using Guid(23f817caddc8d7c41b891c098c923ce7) Importer(815301076,1909f56bfc062723c751e8b465ee728b)  -> (artifact id: 'f52d3b59c9e9d84a8fc922a41eb99175') in 0.007567 seconds
Number of updated asset objects reloaded before import = 0
Number of asset objects unloaded after import = 3
========================================================================
Received Import Request.
  Time since last request: 0.000012 seconds.
  path: Assets/TileMaps/Terrain/TileMap5_5.asset
  artifactKey: Guid(f24e302afb35b3441981f140d0efee22) Importer(815301076,1909f56bfc062723c751e8b465ee728b)
Start importing Assets/TileMaps/Terrain/TileMap5_5.asset using Guid(f24e302afb35b3441981f140d0efee22) Importer(815301076,1909f56bfc062723c751e8b465ee728b)  -> (artifact id: 'a886dbb39c9895c023a2787230fbf94e') in 0.004393 seconds
Number of updated asset objects reloaded before import = 0
Number of asset objects unloaded after import = 3
========================================================================
Received Import Request.
  Time since last request: 0.000014 seconds.
  path: Assets/TileMaps/Terrain/TileMap5_14.asset
  artifactKey: Guid(058b8773a370cd64ab791b41493ed5f2) Importer(815301076,1909f56bfc062723c751e8b465ee728b)
Start importing Assets/TileMaps/Terrain/TileMap5_14.asset using Guid(058b8773a370cd64ab791b41493ed5f2) Importer(815301076,1909f56bfc062723c751e8b465ee728b)  -> (artifact id: '435343663d2961cb734022fa2d6e0c4d') in 0.003770 seconds
Number of updated asset objects reloaded before import = 0
Number of asset objects unloaded after import = 3
========================================================================
Received Import Request.
  Time since last request: 0.000028 seconds.
  path: Assets/TileMaps/Terrain/TileMap5_6.asset
  artifactKey: Guid(ae4d4dd14c8919145b6c244ef2b08bc9) Importer(815301076,1909f56bfc062723c751e8b465ee728b)
Start importing Assets/TileMaps/Terrain/TileMap5_6.asset using Guid(ae4d4dd14c8919145b6c244ef2b08bc9) Importer(815301076,1909f56bfc062723c751e8b465ee728b)  -> (artifact id: 'e635c41cf58efc8a388c2278d4534603') in 0.004796 seconds
Number of updated asset objects reloaded before import = 0
Number of asset objects unloaded after import = 3
========================================================================
Received Import Request.
  Time since last request: 0.000014 seconds.
  path: Assets/TileMaps/Terrain/TileMap5_19.asset
  artifactKey: Guid(6391ae576979fb6498b02b5ceacef5e8) Importer(815301076,1909f56bfc062723c751e8b465ee728b)
Start importing Assets/TileMaps/Terrain/TileMap5_19.asset using Guid(6391ae576979fb6498b02b5ceacef5e8) Importer(815301076,1909f56bfc062723c751e8b465ee728b)  -> (artifact id: '15786e79c0d5e84489152f720cd6631d') in 0.003734 seconds
Number of updated asset objects reloaded before import = 0
Number of asset objects unloaded after import = 3
========================================================================
Received Import Request.
  Time since last request: 0.000011 seconds.
  path: Assets/TileMaps/Terrain/TileMap5_16.asset
  artifactKey: Guid(e76ab2cfab837c346944342be17a46ba) Importer(815301076,1909f56bfc062723c751e8b465ee728b)
Start importing Assets/TileMaps/Terrain/TileMap5_16.asset using Guid(e76ab2cfab837c346944342be17a46ba) Importer(815301076,1909f56bfc062723c751e8b465ee728b)  -> (artifact id: 'e940676f7e2e8f9cb66a3ad3c8144825') in 0.004870 seconds
Number of updated asset objects reloaded before import = 0
Number of asset objects unloaded after import = 3
========================================================================
Received Import Request.
  Time since last request: 0.000013 seconds.
  path: Assets/TileMaps/Terrain/TileMap5_17.asset
  artifactKey: Guid(44751ae2835d9584db9e830add961841) Importer(815301076,1909f56bfc062723c751e8b465ee728b)
Start importing Assets/TileMaps/Terrain/TileMap5_17.asset using Guid(44751ae2835d9584db9e830add961841) Importer(815301076,1909f56bfc062723c751e8b465ee728b)  -> (artifact id: '5bdc655545a670a9fffc52d3d1f3acbd') in 0.003478 seconds
Number of updated asset objects reloaded before import = 0
Number of asset objects unloaded after import = 3
========================================================================
Received Import Request.
  Time since last request: 12.148528 seconds.
  path: Assets/TileMaps/Terrain/TileSet_1.asset
  artifactKey: Guid(d9b5b25a63db26d4c98088ac08a90638) Importer(815301076,1909f56bfc062723c751e8b465ee728b)
Start importing Assets/TileMaps/Terrain/TileSet_1.asset using Guid(d9b5b25a63db26d4c98088ac08a90638) Importer(815301076,1909f56bfc062723c751e8b465ee728b)  -> (artifact id: '6ccf18851b1598a2d3ed8b9459982b99') in 0.003341 seconds
Number of updated asset objects reloaded before import = 0
Number of asset objects unloaded after import = 22
========================================================================
Received Import Request.
  Time since last request: 481.330886 seconds.
  path: Assets/TileMaps/Terrain/TileSet_1.asset
  artifactKey: Guid(d9b5b25a63db26d4c98088ac08a90638) Importer(815301076,1909f56bfc062723c751e8b465ee728b)
Start importing Assets/TileMaps/Terrain/TileSet_1.asset using Guid(d9b5b25a63db26d4c98088ac08a90638) Importer(815301076,1909f56bfc062723c751e8b465ee728b)  -> (artifact id: '5279c7683914f3e1a9c37c820671dde2') in 0.008569 seconds
Number of updated asset objects reloaded before import = 0
Number of asset objects unloaded after import = 15
========================================================================
Received Import Request.
  Time since last request: 4.046159 seconds.
  path: Assets/TileMaps/Terrain/TileSet_1.asset
  artifactKey: Guid(d9b5b25a63db26d4c98088ac08a90638) Importer(815301076,1909f56bfc062723c751e8b465ee728b)
Start importing Assets/TileMaps/Terrain/TileSet_1.asset using Guid(d9b5b25a63db26d4c98088ac08a90638) Importer(815301076,1909f56bfc062723c751e8b465ee728b)  -> (artifact id: 'ddbae6444480015e37ec9ef11c7ea95a') in 0.001796 seconds
Number of updated asset objects reloaded before import = 0
Number of asset objects unloaded after import = 10
========================================================================
Received Import Request.
  Time since last request: 50.815541 seconds.
  path: Assets/TileMaps/Terrain/New Tile Palette 1.prefab
  artifactKey: Guid(f744cca814c856e40b5d3c0e8fe10bc9) Importer(815301076,1909f56bfc062723c751e8b465ee728b)
Start importing Assets/TileMaps/Terrain/New Tile Palette 1.prefab using Guid(f744cca814c856e40b5d3c0e8fe10bc9) Importer(815301076,1909f56bfc062723c751e8b465ee728b)  -> (artifact id: 'bdf20a19c24aa56eb6c9e605fb24e444') in 0.199531 seconds
Number of updated asset objects reloaded before import = 0
Number of asset objects unloaded after import = 23
========================================================================
Received Import Request.
  Time since last request: 99.244816 seconds.
  path: Assets/TileMaps/Terrain/TileSet_1.asset
  artifactKey: Guid(d9b5b25a63db26d4c98088ac08a90638) Importer(815301076,1909f56bfc062723c751e8b465ee728b)
Start importing Assets/TileMaps/Terrain/TileSet_1.asset using Guid(d9b5b25a63db26d4c98088ac08a90638) Importer(815301076,1909f56bfc062723c751e8b465ee728b)  -> (artifact id: 'c4a44af25bf0ff4d7676e6b6bb45b06d') in 0.007727 seconds
Number of updated asset objects reloaded before import = 0
Number of asset objects unloaded after import = 16
========================================================================
Received Import Request.
  Time since last request: 11.912867 seconds.
  path: Assets/TileMaps/Terrain/TileMap5.png
  artifactKey: Guid(754c88322cf085444980dc89923113d2) Importer(815301076,1909f56bfc062723c751e8b465ee728b)
Start importing Assets/TileMaps/Terrain/TileMap5.png using Guid(754c88322cf085444980dc89923113d2) Importer(815301076,1909f56bfc062723c751e8b465ee728b)  -> (artifact id: '58481c30182b1f30986089c4591d7c88') in 0.050094 seconds
Number of updated asset objects reloaded before import = 0
Number of asset objects unloaded after import = 27
========================================================================
Received Import Request.
  Time since last request: 0.000020 seconds.
  path: Assets/TileMaps/Terrain/TileMap5_4.asset
  artifactKey: Guid(23f817caddc8d7c41b891c098c923ce7) Importer(815301076,1909f56bfc062723c751e8b465ee728b)
Start importing Assets/TileMaps/Terrain/TileMap5_4.asset using Guid(23f817caddc8d7c41b891c098c923ce7) Importer(815301076,1909f56bfc062723c751e8b465ee728b)  -> (artifact id: '512fa62a3039e22bfc71f8081b3a5b00') in 0.008026 seconds
Number of updated asset objects reloaded before import = 0
Number of asset objects unloaded after import = 3
========================================================================
Received Import Request.
  Time since last request: 0.000018 seconds.
  path: Assets/TileMaps/Terrain/TileMap5_5.asset
  artifactKey: Guid(f24e302afb35b3441981f140d0efee22) Importer(815301076,1909f56bfc062723c751e8b465ee728b)
Start importing Assets/TileMaps/Terrain/TileMap5_5.asset using Guid(f24e302afb35b3441981f140d0efee22) Importer(815301076,1909f56bfc062723c751e8b465ee728b)  -> (artifact id: '618a7b92bfc975c93f74f178d85a5e71') in 0.004979 seconds
Number of updated asset objects reloaded before import = 0
Number of asset objects unloaded after import = 3
========================================================================
Received Import Request.
  Time since last request: 0.000021 seconds.
  path: Assets/TileMaps/Terrain/TileMap5_12.asset
  artifactKey: Guid(05945ca1dbfa54b45af2c2179d658368) Importer(815301076,1909f56bfc062723c751e8b465ee728b)
Start importing Assets/TileMaps/Terrain/TileMap5_12.asset using Guid(05945ca1dbfa54b45af2c2179d658368) Importer(815301076,1909f56bfc062723c751e8b465ee728b)  -> (artifact id: '38673bf546e1ceb51152b748dc35a184') in 0.003644 seconds
Number of updated asset objects reloaded before import = 0
Number of asset objects unloaded after import = 3
========================================================================
Received Import Request.
  Time since last request: 0.000016 seconds.
  path: Assets/TileMaps/Terrain/TileMap5_14.asset
  artifactKey: Guid(058b8773a370cd64ab791b41493ed5f2) Importer(815301076,1909f56bfc062723c751e8b465ee728b)
Start importing Assets/TileMaps/Terrain/TileMap5_14.asset using Guid(058b8773a370cd64ab791b41493ed5f2) Importer(815301076,1909f56bfc062723c751e8b465ee728b)  -> (artifact id: 'a35a809c15db95489ae29c2b82425334') in 0.004040 seconds
Number of updated asset objects reloaded before import = 0
Number of asset objects unloaded after import = 3
========================================================================
Received Import Request.
  Time since last request: 0.000018 seconds.
  path: Assets/TileMaps/Terrain/TileMap5_6.asset
  artifactKey: Guid(ae4d4dd14c8919145b6c244ef2b08bc9) Importer(815301076,1909f56bfc062723c751e8b465ee728b)
Start importing Assets/TileMaps/Terrain/TileMap5_6.asset using Guid(ae4d4dd14c8919145b6c244ef2b08bc9) Importer(815301076,1909f56bfc062723c751e8b465ee728b)  -> (artifact id: 'c2eb525e8b1f2703c23d5b857c0c95d5') in 0.005057 seconds
Number of updated asset objects reloaded before import = 0
Number of asset objects unloaded after import = 3
========================================================================
Received Import Request.
  Time since last request: 0.000019 seconds.
  path: Assets/TileMaps/Terrain/TileMap5_19.asset
  artifactKey: Guid(6391ae576979fb6498b02b5ceacef5e8) Importer(815301076,1909f56bfc062723c751e8b465ee728b)
Start importing Assets/TileMaps/Terrain/TileMap5_19.asset using Guid(6391ae576979fb6498b02b5ceacef5e8) Importer(815301076,1909f56bfc062723c751e8b465ee728b)  -> (artifact id: '1b8841d3a60bc7688970da6cb2ad686d') in 0.006536 seconds
Number of updated asset objects reloaded before import = 0
Number of asset objects unloaded after import = 3
========================================================================
Received Import Request.
  Time since last request: 0.000040 seconds.
  path: Assets/TileMaps/Terrain/TileMap5_8.asset
  artifactKey: Guid(aceeb414d83a5f14cb9fb50dff7026bd) Importer(815301076,1909f56bfc062723c751e8b465ee728b)
Start importing Assets/TileMaps/Terrain/TileMap5_8.asset using Guid(aceeb414d83a5f14cb9fb50dff7026bd) Importer(815301076,1909f56bfc062723c751e8b465ee728b)  -> (artifact id: '2c3ade0777163867666aa88e75936f6b') in 0.006808 seconds
Number of updated asset objects reloaded before import = 0
Number of asset objects unloaded after import = 3
========================================================================
Received Import Request.
  Time since last request: 0.000021 seconds.
  path: Assets/TileMaps/Terrain/TileMap5_11.asset
  artifactKey: Guid(a6ccff60bfe9d4445a4e0eeaa48a0615) Importer(815301076,1909f56bfc062723c751e8b465ee728b)
Start importing Assets/TileMaps/Terrain/TileMap5_11.asset using Guid(a6ccff60bfe9d4445a4e0eeaa48a0615) Importer(815301076,1909f56bfc062723c751e8b465ee728b)  -> (artifact id: '6404a7f9d9dc2c4d46c9364d52849c09') in 0.004359 seconds
Number of updated asset objects reloaded before import = 0
Number of asset objects unloaded after import = 3
========================================================================
Received Import Request.
  Time since last request: 0.000031 seconds.
  path: Assets/TileMaps/Terrain/TileMap5_17.asset
  artifactKey: Guid(44751ae2835d9584db9e830add961841) Importer(815301076,1909f56bfc062723c751e8b465ee728b)
Start importing Assets/TileMaps/Terrain/TileMap5_17.asset using Guid(44751ae2835d9584db9e830add961841) Importer(815301076,1909f56bfc062723c751e8b465ee728b)  -> (artifact id: 'e53052c97a3aa0da21e422c5fd50f3d8') in 0.005006 seconds
Number of updated asset objects reloaded before import = 0
Number of asset objects unloaded after import = 3
========================================================================
Received Import Request.
  Time since last request: 20.746359 seconds.
  path: Assets/TileMaps/Terrain/TileMap5_0.asset
  artifactKey: Guid(5fe00012904a6b042b643667595ac959) Importer(815301076,1909f56bfc062723c751e8b465ee728b)
Start importing Assets/TileMaps/Terrain/TileMap5_0.asset using Guid(5fe00012904a6b042b643667595ac959) Importer(815301076,1909f56bfc062723c751e8b465ee728b)  -> (artifact id: 'ae3287700b712df7785fcabccdd39135') in 0.015732 seconds
Number of updated asset objects reloaded before import = 0
Number of asset objects unloaded after import = 3
========================================================================
Received Import Request.
  Time since last request: 0.000144 seconds.
  path: Assets/TileMaps/Terrain/TileMap5_7.asset
  artifactKey: Guid(b62ab49682150fa4b91daa3552ef44f8) Importer(815301076,1909f56bfc062723c751e8b465ee728b)
Start importing Assets/TileMaps/Terrain/TileMap5_7.asset using Guid(b62ab49682150fa4b91daa3552ef44f8) Importer(815301076,1909f56bfc062723c751e8b465ee728b)  -> (artifact id: 'b4b82b85cbd9f0ec8faf0cd3a0b8a868') in 0.004718 seconds
Number of updated asset objects reloaded before import = 0
Number of asset objects unloaded after import = 3
========================================================================
Received Import Request.
  Time since last request: 0.000021 seconds.
  path: Assets/TileMaps/Terrain/TileMap5_5.asset
  artifactKey: Guid(f24e302afb35b3441981f140d0efee22) Importer(815301076,1909f56bfc062723c751e8b465ee728b)
Start importing Assets/TileMaps/Terrain/TileMap5_5.asset using Guid(f24e302afb35b3441981f140d0efee22) Importer(815301076,1909f56bfc062723c751e8b465ee728b)  -> (artifact id: 'cb2040bdfb10a2cde9361c37129cf29f') in 0.004145 seconds
Number of updated asset objects reloaded before import = 0
Number of asset objects unloaded after import = 3
========================================================================
Received Import Request.
  Time since last request: 0.000020 seconds.
  path: Assets/TileMaps/Terrain/TileMap5_9.asset
  artifactKey: Guid(7356bc7668bab45488a5574951dfb034) Importer(815301076,1909f56bfc062723c751e8b465ee728b)
Start importing Assets/TileMaps/Terrain/TileMap5_9.asset using Guid(7356bc7668bab45488a5574951dfb034) Importer(815301076,1909f56bfc062723c751e8b465ee728b)  -> (artifact id: '1670e725d378880c2ef9a86e24f1208d') in 0.004953 seconds
Number of updated asset objects reloaded before import = 0
Number of asset objects unloaded after import = 3
========================================================================
Received Import Request.
  Time since last request: 0.000016 seconds.
  path: Assets/TileMaps/Terrain/TileMap5_8.asset
  artifactKey: Guid(aceeb414d83a5f14cb9fb50dff7026bd) Importer(815301076,1909f56bfc062723c751e8b465ee728b)
Start importing Assets/TileMaps/Terrain/TileMap5_8.asset using Guid(aceeb414d83a5f14cb9fb50dff7026bd) Importer(815301076,1909f56bfc062723c751e8b465ee728b)  -> (artifact id: '4631daebeede94e6658e99937ccf19bd') in 0.003758 seconds
Number of updated asset objects reloaded before import = 0
Number of asset objects unloaded after import = 3
Editor requested this worker to shutdown with reason: Scaling down because of idle timeout
AssetImportWorker is now disconnected from the server
Process exiting
Exiting without the bug reporter. Application will terminate with return code 0