Using pre-set license
Built from '2023.1/staging' branch; Version is '2023.1.0b14 (3321931063a3) revision 3350931'; Using compiler version '192829333'; Build Type 'Release'
OS: 'Windows 11  (10.0.22621) 64bit Professional' Language: 'pt' Physical Memory: 65459 MB
BatchMode: 1, IsHumanControllingUs: 0, StartBugReporterOnCrash: 0, Is64bit: 1, IsPro: 1

COMMAND LINE ARGUMENTS:
C:\Program Files\Unity\Hub\Editor\2023.1.0b14\Editor\Unity.exe
-adb2
-batchMode
-noUpm
-name
AssetImportWorker5
-projectPath
F:/Downloads/Unity Projects/Tales of Forgor/GameProject
-logFile
Logs/AssetImportWorker5.log
-srvPort
50176
Successfully changed project path to: F:/Downloads/Unity Projects/Tales of Forgor/GameProject
F:/Downloads/Unity Projects/Tales of Forgor/GameProject
[UnityMemory] Configuration Parameters - Can be set up in boot.config
    "memorysetup-bucket-allocator-granularity=16"
    "memorysetup-bucket-allocator-bucket-count=8"
    "memorysetup-bucket-allocator-block-size=33554432"
    "memorysetup-bucket-allocator-block-count=8"
    "memorysetup-main-allocator-block-size=16777216"
    "memorysetup-thread-allocator-block-size=16777216"
    "memorysetup-gfx-main-allocator-block-size=16777216"
    "memorysetup-gfx-thread-allocator-block-size=16777216"
    "memorysetup-cache-allocator-block-size=4194304"
    "memorysetup-typetree-allocator-block-size=2097152"
    "memorysetup-profiler-bucket-allocator-granularity=16"
    "memorysetup-profiler-bucket-allocator-bucket-count=8"
    "memorysetup-profiler-bucket-allocator-block-size=33554432"
    "memorysetup-profiler-bucket-allocator-block-count=8"
    "memorysetup-profiler-allocator-block-size=16777216"
    "memorysetup-profiler-editor-allocator-block-size=1048576"
    "memorysetup-temp-allocator-size-main=16777216"
    "memorysetup-job-temp-allocator-block-size=2097152"
    "memorysetup-job-temp-allocator-block-size-background=1048576"
    "memorysetup-job-temp-allocator-reduction-small-platforms=262144"
    "memorysetup-temp-allocator-size-background-worker=32768"
    "memorysetup-temp-allocator-size-job-worker=262144"
    "memorysetup-temp-allocator-size-preload-manager=33554432"
    "memorysetup-temp-allocator-size-nav-mesh-worker=65536"
    "memorysetup-temp-allocator-size-audio-worker=65536"
    "memorysetup-temp-allocator-size-cloud-worker=32768"
    "memorysetup-temp-allocator-size-gi-baking-worker=262144"
    "memorysetup-temp-allocator-size-gfx=262144"
Player connection [27212] Host "[IP] 192.168.0.134 [Port] 0 [Flags] 2 [Guid] 1916258512 [EditorId] 1916258512 [Version] 1048832 [Id] WindowsEditor(7,DESKTOP-DAVID) [Debug] 1 [PackageName] WindowsEditor [ProjectName] Editor" joined multi-casting on [225.0.0.222:54997]...

Player connection [27212] Host "[IP] 192.168.0.134 [Port] 0 [Flags] 2 [Guid] 1916258512 [EditorId] 1916258512 [Version] 1048832 [Id] WindowsEditor(7,DESKTOP-DAVID) [Debug] 1 [PackageName] WindowsEditor [ProjectName] Editor" joined alternative multi-casting on [225.0.0.222:34997]...

Library Redirect Path: Library/Refreshing native plugins compatible for Editor in 10.68 ms, found 4 plugins.
Preloading 0 native plugins for Editor in 0.00 ms.
Initialize engine version: 2023.1.0b14 (3321931063a3)
[Subsystems] Discovering subsystems at path C:/Program Files/Unity/Hub/Editor/2023.1.0b14/Editor/Data/Resources/UnitySubsystems
[Subsystems] Discovering subsystems at path F:/Downloads/Unity Projects/Tales of Forgor/GameProject/Assets
GfxDevice: creating device client; threaded=0; jobified=0
Direct3D:
    Version:  Direct3D 11.0 [level 11.1]
    Renderer: NVIDIA GeForce RTX 3080 (ID=0x220a)
    Vendor:   NVIDIA
    VRAM:     12107 MB
    Driver:   31.0.15.3168
Initialize mono
Mono path[0] = 'C:/Program Files/Unity/Hub/Editor/2023.1.0b14/Editor/Data/Managed'
Mono path[1] = 'C:/Program Files/Unity/Hub/Editor/2023.1.0b14/Editor/Data/MonoBleedingEdge/lib/mono/unityjit-win32'
Mono config path = 'C:/Program Files/Unity/Hub/Editor/2023.1.0b14/Editor/Data/MonoBleedingEdge/etc'
Using monoOptions --debugger-agent=transport=dt_socket,embedding=1,server=y,suspend=n,address=127.0.0.1:56536
Begin MonoManager ReloadAssembly
C:\build\output\Unity-Technologies\mono\mono\metadata\icall.c:1842:
C:\build\output\Unity-Technologies\mono\mono\metadata\icall.c:1842:
C:\build\output\Unity-Technologies\mono\mono\metadata\icall.c:1842:
C:\build\output\Unity-Technologies\mono\mono\metadata\icall.c:1842:
C:\build\output\Unity-Technologies\mono\mono\metadata\icall.c:1842:
C:\build\output\Unity-Technologies\mono\mono\metadata\icall.c:1842:
C:\build\output\Unity-Technologies\mono\mono\metadata\icall.c:1842:
C:\build\output\Unity-Technologies\mono\mono\metadata\icall.c:1842:
C:\build\output\Unity-Technologies\mono\mono\metadata\icall.c:1842:
C:\build\output\Unity-Technologies\mono\mono\metadata\icall.c:1842:
Registering precompiled unity dll's ...
Register platform support module: C:/Program Files/Unity/Hub/Editor/2023.1.0b14/Editor/Data/PlaybackEngines/WindowsStandaloneSupport/UnityEditor.WindowsStandalone.Extensions.dll
Registered in 0.003209 seconds.
- Loaded All Assemblies, in  0.328 seconds
Native extension for WindowsStandalone target not found
Mono: successfully reloaded assembly
C:\build\output\Unity-Technologies\mono\mono\metadata\icall.c:1842:
C:\build\output\Unity-Technologies\mono\mono\metadata\icall.c:1842:
- Finished resetting the current domain, in  0.257 seconds
Domain Reload Profiling: 583ms
	BeginReloadAssembly (106ms)
		ExecutionOrderSort (0ms)
		DisableScriptedObjects (0ms)
		BackupInstance (0ms)
		ReleaseScriptingObjects (0ms)
		CreateAndSetChildDomain (1ms)
	RebuildCommonClasses (33ms)
	RebuildNativeTypeToScriptingClass (10ms)
	initialDomainReloadingComplete (44ms)
	LoadAllAssembliesAndSetupDomain (133ms)
		LoadAssemblies (103ms)
		RebuildTransferFunctionScriptingTraits (0ms)
		AnalyzeDomain (129ms)
			TypeCache.Refresh (128ms)
				TypeCache.ScanAssembly (118ms)
			ScanForSourceGeneratedMonoScriptInfo (0ms)
			ResolveRequiredComponents (0ms)
	FinalizeReload (257ms)
		ReleaseScriptCaches (0ms)
		RebuildScriptCaches (0ms)
		SetupLoadedEditorAssemblies (216ms)
			LogAssemblyErrors (0ms)
			InitializePlatformSupportModulesInManaged (8ms)
			SetLoadedEditorAssemblies (4ms)
			BeforeProcessingInitializeOnLoad (7ms)
			ProcessInitializeOnLoadAttributes (154ms)
			ProcessInitializeOnLoadMethodAttributes (43ms)
			AfterProcessingInitializeOnLoad (0ms)
			EditorAssembliesLoaded (0ms)
		ExecutionOrderSort2 (0ms)
		AwakeInstancesAfterBackupRestoration (0ms)
========================================================================
Worker process is ready to serve import requests
Import Worker Mode flag is 0x00
Begin MonoManager ReloadAssembly
C:\build\output\Unity-Technologies\mono\mono\metadata\icall.c:1842:
C:\build\output\Unity-Technologies\mono\mono\metadata\icall.c:1842:
C:\build\output\Unity-Technologies\mono\mono\metadata\icall.c:1842:
C:\build\output\Unity-Technologies\mono\mono\metadata\icall.c:1842:
C:\build\output\Unity-Technologies\mono\mono\metadata\icall.c:1842:
C:\build\output\Unity-Technologies\mono\mono\metadata\icall.c:1842:
C:\build\output\Unity-Technologies\mono\mono\metadata\icall.c:1842:
C:\build\output\Unity-Technologies\mono\mono\metadata\icall.c:1842:
C:\build\output\Unity-Technologies\mono\mono\metadata\icall.c:1842:
C:\build\output\Unity-Technologies\mono\mono\metadata\icall.c:1842:
C:\build\output\Unity-Technologies\mono\mono\metadata\icall.c:1842:
C:\build\output\Unity-Technologies\mono\mono\metadata\icall.c:1842:
Symbol file LoadedFromMemory doesn't match image F:\Downloads\Unity Projects\Tales of Forgor\GameProject\Library\PackageCache\com.unity.visualscripting@1.8.0\Editor\VisualScripting.Core\Dependencies\YamlDotNet\Unity.VisualScripting.YamlDotNet.dll
Symbol file LoadedFromMemory doesn't match image F:\Downloads\Unity Projects\Tales of Forgor\GameProject\Library\PackageCache\com.unity.visualscripting@1.8.0\Editor\VisualScripting.Core\Dependencies\DotNetZip\Unity.VisualScripting.IonicZip.dll
- Loaded All Assemblies, in  0.972 seconds
Refreshing native plugins compatible for Editor in 3.53 ms, found 4 plugins.
Native extension for WindowsStandalone target not found
Mono: successfully reloaded assembly
- Finished resetting the current domain, in  0.796 seconds
Domain Reload Profiling: 1773ms
	BeginReloadAssembly (331ms)
		ExecutionOrderSort (0ms)
		DisableScriptedObjects (7ms)
		BackupInstance (0ms)
		ReleaseScriptingObjects (0ms)
		CreateAndSetChildDomain (41ms)
	RebuildCommonClasses (34ms)
	RebuildNativeTypeToScriptingClass (9ms)
	initialDomainReloadingComplete (54ms)
	LoadAllAssembliesAndSetupDomain (547ms)
		LoadAssemblies (297ms)
		RebuildTransferFunctionScriptingTraits (0ms)
		AnalyzeDomain (334ms)
			TypeCache.Refresh (297ms)
				TypeCache.ScanAssembly (279ms)
			ScanForSourceGeneratedMonoScriptInfo (24ms)
			ResolveRequiredComponents (11ms)
	FinalizeReload (797ms)
		ReleaseScriptCaches (0ms)
		RebuildScriptCaches (0ms)
		SetupLoadedEditorAssemblies (531ms)
			LogAssemblyErrors (0ms)
			InitializePlatformSupportModulesInManaged (5ms)
			SetLoadedEditorAssemblies (4ms)
			BeforeProcessingInitializeOnLoad (79ms)
			ProcessInitializeOnLoadAttributes (406ms)
			ProcessInitializeOnLoadMethodAttributes (33ms)
			AfterProcessingInitializeOnLoad (4ms)
			EditorAssembliesLoaded (0ms)
		ExecutionOrderSort2 (0ms)
		AwakeInstancesAfterBackupRestoration (4ms)
Launched and connected shader compiler UnityShaderCompiler.exe after 0.01 seconds
Refreshing native plugins compatible for Editor in 3.57 ms, found 4 plugins.
Preloading 0 native plugins for Editor in 0.00 ms.
Unloading 5773 Unused Serialized files (Serialized files now loaded: 0)
Unloading 88 unused Assets / (1.5 MB). Loaded Objects now: 6337.
Memory consumption went from 244.4 MB to 242.9 MB.
Total: 6.316800 ms (FindLiveObjects: 0.353700 ms CreateObjectMapping: 0.160600 ms MarkObjects: 5.294400 ms  DeleteObjects: 0.506100 ms)

AssetImportParameters requested are different than current active one (requested -> active):
  custom:video-decoder-webm-vp8: 9c59270c3fd7afecdb556c50c9e8de78 -> 
  custom:audio-encoder-webm-vorbis: bf7c407c2cedff20999df2af8eb42d56 -> 
  custom:AudioImporter_EditorPlatform: d09bf68614088b80899f8185d706f6e7 -> 
  custom:audio-decoder-ogg-vorbis: bf7c407c2cedff20999df2af8eb42d56 -> 
  custom:video-encoder-webm-vp8: eb34c28f22e8b96e1ab97ce403110664 -> 
  custom:container-demuxer-ogg: 62fdf1f143b41e24485cea50d1cbac27 -> 
  custom:framework-win-MediaFoundation: 216162199b28c13a410421893ffa2e32 -> 
  custom:video-decoder-ogg-theora: a1e56fd34408186e4bbccfd4996cb3dc -> 
  custom:container-muxer-webm: aa71ff27fc2769a1b78a27578f13a17b -> 
  custom:video-codec-MediaFoundation-h265: 746d11721c4dcdbdad8f713fa42b33f4 -> 
  custom:container-demuxer-webm: 4f35f7cbe854078d1ac9338744f61a02 -> 
========================================================================
Received Import Request.
  Time since last request: 9761.025873 seconds.
  path: Assets/TileMaps/Terrain/TileMap5_11.asset
  artifactKey: Guid(a6ccff60bfe9d4445a4e0eeaa48a0615) Importer(815301076,1909f56bfc062723c751e8b465ee728b)
Start importing Assets/TileMaps/Terrain/TileMap5_11.asset using Guid(a6ccff60bfe9d4445a4e0eeaa48a0615) Importer(815301076,1909f56bfc062723c751e8b465ee728b)  -> (artifact id: 'f927334b290f2ff2d0429e1448277e35') in 0.099334 seconds
Number of updated asset objects reloaded before import = 0
Number of asset objects unloaded after import = 3
========================================================================
Received Import Request.
  Time since last request: 855.177246 seconds.
  path: Assets/TileMaps/Terrain/TileMap5_0.asset
  artifactKey: Guid(5fe00012904a6b042b643667595ac959) Importer(815301076,1909f56bfc062723c751e8b465ee728b)
Start importing Assets/TileMaps/Terrain/TileMap5_0.asset using Guid(5fe00012904a6b042b643667595ac959) Importer(815301076,1909f56bfc062723c751e8b465ee728b)  -> (artifact id: 'd92d21591293c70d3d890a65dea7148f') in 0.018911 seconds
Number of updated asset objects reloaded before import = 0
Number of asset objects unloaded after import = 3
========================================================================
Received Import Request.
  Time since last request: 0.000038 seconds.
  path: Assets/TileMaps/Terrain/TileMap5_7.asset
  artifactKey: Guid(b62ab49682150fa4b91daa3552ef44f8) Importer(815301076,1909f56bfc062723c751e8b465ee728b)
Start importing Assets/TileMaps/Terrain/TileMap5_7.asset using Guid(b62ab49682150fa4b91daa3552ef44f8) Importer(815301076,1909f56bfc062723c751e8b465ee728b)  -> (artifact id: '3026e18ca87197c09bb55447967d8e03') in 0.008899 seconds
Number of updated asset objects reloaded before import = 0
Number of asset objects unloaded after import = 3
========================================================================
Received Import Request.
  Time since last request: 0.000015 seconds.
  path: Assets/TileMaps/Terrain/TileMap5_10.asset
  artifactKey: Guid(9080d88f0e737214c8c5d9290a7ab6d4) Importer(815301076,1909f56bfc062723c751e8b465ee728b)
Start importing Assets/TileMaps/Terrain/TileMap5_10.asset using Guid(9080d88f0e737214c8c5d9290a7ab6d4) Importer(815301076,1909f56bfc062723c751e8b465ee728b)  -> (artifact id: 'eb1103cc2a87f23506a40e07e4961f55') in 0.004239 seconds
Number of updated asset objects reloaded before import = 0
Number of asset objects unloaded after import = 3
========================================================================
Received Import Request.
  Time since last request: 0.000015 seconds.
  path: Assets/TileMaps/Terrain/TileMap5_20.asset
  artifactKey: Guid(1722ca7e6eaa378429f3e3aa58bac887) Importer(815301076,1909f56bfc062723c751e8b465ee728b)
Start importing Assets/TileMaps/Terrain/TileMap5_20.asset using Guid(1722ca7e6eaa378429f3e3aa58bac887) Importer(815301076,1909f56bfc062723c751e8b465ee728b)  -> (artifact id: '962374cb715a3238c55dc319cc8b9d5e') in 0.007733 seconds
Number of updated asset objects reloaded before import = 0
Number of asset objects unloaded after import = 3
========================================================================
Received Import Request.
  Time since last request: 0.000016 seconds.
  path: Assets/TileMaps/Terrain/TileMap5_15.asset
  artifactKey: Guid(0df2de0a58436f848bb7f9a602484dda) Importer(815301076,1909f56bfc062723c751e8b465ee728b)
Start importing Assets/TileMaps/Terrain/TileMap5_15.asset using Guid(0df2de0a58436f848bb7f9a602484dda) Importer(815301076,1909f56bfc062723c751e8b465ee728b)  -> (artifact id: '4db3eede519e7607df760426ae817b67') in 0.003845 seconds
Number of updated asset objects reloaded before import = 0
Number of asset objects unloaded after import = 3
========================================================================
Received Import Request.
  Time since last request: 0.000013 seconds.
  path: Assets/TileMaps/Terrain/TileMap5_1.asset
  artifactKey: Guid(6318da98902d19a4da79af6959b8d056) Importer(815301076,1909f56bfc062723c751e8b465ee728b)
Start importing Assets/TileMaps/Terrain/TileMap5_1.asset using Guid(6318da98902d19a4da79af6959b8d056) Importer(815301076,1909f56bfc062723c751e8b465ee728b)  -> (artifact id: 'c3c05f6cf11260a5ed9d6876139c0d85') in 0.008138 seconds
Number of updated asset objects reloaded before import = 0
Number of asset objects unloaded after import = 3
========================================================================
Received Import Request.
  Time since last request: 0.000014 seconds.
  path: Assets/TileMaps/Terrain/TileMap5_18.asset
  artifactKey: Guid(05dcf71b3e559a1489631aeaf9285cc7) Importer(815301076,1909f56bfc062723c751e8b465ee728b)
Start importing Assets/TileMaps/Terrain/TileMap5_18.asset using Guid(05dcf71b3e559a1489631aeaf9285cc7) Importer(815301076,1909f56bfc062723c751e8b465ee728b)  -> (artifact id: 'f272da19e871e1e49bdbf79911d1c3d3') in 0.004134 seconds
Number of updated asset objects reloaded before import = 0
Number of asset objects unloaded after import = 3
========================================================================
Received Import Request.
  Time since last request: 0.000012 seconds.
  path: Assets/TileMaps/Terrain/TileMap5_6.asset
  artifactKey: Guid(ae4d4dd14c8919145b6c244ef2b08bc9) Importer(815301076,1909f56bfc062723c751e8b465ee728b)
Start importing Assets/TileMaps/Terrain/TileMap5_6.asset using Guid(ae4d4dd14c8919145b6c244ef2b08bc9) Importer(815301076,1909f56bfc062723c751e8b465ee728b)  -> (artifact id: '39ef46c7e9d518ce72b32f49766e4b13') in 0.003976 seconds
Number of updated asset objects reloaded before import = 0
Number of asset objects unloaded after import = 3
========================================================================
Received Import Request.
  Time since last request: 0.000010 seconds.
  path: Assets/TileMaps/Terrain/TileMap5_19.asset
  artifactKey: Guid(6391ae576979fb6498b02b5ceacef5e8) Importer(815301076,1909f56bfc062723c751e8b465ee728b)
Start importing Assets/TileMaps/Terrain/TileMap5_19.asset using Guid(6391ae576979fb6498b02b5ceacef5e8) Importer(815301076,1909f56bfc062723c751e8b465ee728b)  -> (artifact id: '297a357db4a98ae3a33867c71571ece4') in 0.003798 seconds
Number of updated asset objects reloaded before import = 0
Number of asset objects unloaded after import = 3
========================================================================
Received Import Request.
  Time since last request: 0.000022 seconds.
  path: Assets/TileMaps/Terrain/TileMap5_8.asset
  artifactKey: Guid(aceeb414d83a5f14cb9fb50dff7026bd) Importer(815301076,1909f56bfc062723c751e8b465ee728b)
Start importing Assets/TileMaps/Terrain/TileMap5_8.asset using Guid(aceeb414d83a5f14cb9fb50dff7026bd) Importer(815301076,1909f56bfc062723c751e8b465ee728b)  -> (artifact id: 'afab140b8da5d1760c2855964828c45a') in 0.004304 seconds
Number of updated asset objects reloaded before import = 0
Number of asset objects unloaded after import = 3
========================================================================
Received Import Request.
  Time since last request: 0.000013 seconds.
  path: Assets/TileMaps/Terrain/TileMap5_11.asset
  artifactKey: Guid(a6ccff60bfe9d4445a4e0eeaa48a0615) Importer(815301076,1909f56bfc062723c751e8b465ee728b)
Start importing Assets/TileMaps/Terrain/TileMap5_11.asset using Guid(a6ccff60bfe9d4445a4e0eeaa48a0615) Importer(815301076,1909f56bfc062723c751e8b465ee728b)  -> (artifact id: '51c9ca303eeb144600cd9f083a8c7229') in 0.003742 seconds
Number of updated asset objects reloaded before import = 0
Number of asset objects unloaded after import = 3
========================================================================
Received Import Request.
  Time since last request: 0.000018 seconds.
  path: Assets/TileMaps/Terrain/TileMap5_17.asset
  artifactKey: Guid(44751ae2835d9584db9e830add961841) Importer(815301076,1909f56bfc062723c751e8b465ee728b)
Start importing Assets/TileMaps/Terrain/TileMap5_17.asset using Guid(44751ae2835d9584db9e830add961841) Importer(815301076,1909f56bfc062723c751e8b465ee728b)  -> (artifact id: '6deaa8388bb1f09752a6854200713f84') in 0.004724 seconds
Number of updated asset objects reloaded before import = 0
Number of asset objects unloaded after import = 3
========================================================================
Received Import Request.
  Time since last request: 13.640283 seconds.
  path: Assets/TileMaps/Terrain/TileMap5_1.asset
  artifactKey: Guid(6318da98902d19a4da79af6959b8d056) Importer(815301076,1909f56bfc062723c751e8b465ee728b)
Start importing Assets/TileMaps/Terrain/TileMap5_1.asset using Guid(6318da98902d19a4da79af6959b8d056) Importer(815301076,1909f56bfc062723c751e8b465ee728b)  -> (artifact id: 'c056747c2f9cc0f5e607c2260c99989a') in 0.018244 seconds
Number of updated asset objects reloaded before import = 0
Number of asset objects unloaded after import = 3
========================================================================
Received Import Request.
  Time since last request: 0.000028 seconds.
  path: Assets/TileMaps/Terrain/TileMap5_10.asset
  artifactKey: Guid(9080d88f0e737214c8c5d9290a7ab6d4) Importer(815301076,1909f56bfc062723c751e8b465ee728b)
Start importing Assets/TileMaps/Terrain/TileMap5_10.asset using Guid(9080d88f0e737214c8c5d9290a7ab6d4) Importer(815301076,1909f56bfc062723c751e8b465ee728b)  -> (artifact id: 'b1215b6e0f20cb0f30d1d9cafebbff4d') in 0.003828 seconds
Number of updated asset objects reloaded before import = 0
Number of asset objects unloaded after import = 3
========================================================================
Received Import Request.
  Time since last request: 0.000012 seconds.
  path: Assets/TileMaps/Terrain/TileMap5_4.asset
  artifactKey: Guid(23f817caddc8d7c41b891c098c923ce7) Importer(815301076,1909f56bfc062723c751e8b465ee728b)
Start importing Assets/TileMaps/Terrain/TileMap5_4.asset using Guid(23f817caddc8d7c41b891c098c923ce7) Importer(815301076,1909f56bfc062723c751e8b465ee728b)  -> (artifact id: '62b5d36e0917c816e2d457f046f67aad') in 0.004305 seconds
Number of updated asset objects reloaded before import = 0
Number of asset objects unloaded after import = 3
========================================================================
Received Import Request.
  Time since last request: 0.000012 seconds.
  path: Assets/TileMaps/Terrain/TileMap5_5.asset
  artifactKey: Guid(f24e302afb35b3441981f140d0efee22) Importer(815301076,1909f56bfc062723c751e8b465ee728b)
Start importing Assets/TileMaps/Terrain/TileMap5_5.asset using Guid(f24e302afb35b3441981f140d0efee22) Importer(815301076,1909f56bfc062723c751e8b465ee728b)  -> (artifact id: '16a37d97785fbcb6d0396f8e7dddad8d') in 0.003936 seconds
Number of updated asset objects reloaded before import = 0
Number of asset objects unloaded after import = 3
========================================================================
Received Import Request.
  Time since last request: 0.000011 seconds.
  path: Assets/TileMaps/Terrain/TileMap5_14.asset
  artifactKey: Guid(058b8773a370cd64ab791b41493ed5f2) Importer(815301076,1909f56bfc062723c751e8b465ee728b)
Start importing Assets/TileMaps/Terrain/TileMap5_14.asset using Guid(058b8773a370cd64ab791b41493ed5f2) Importer(815301076,1909f56bfc062723c751e8b465ee728b)  -> (artifact id: '2d3c794e88b6f0b91a545101b98f9723') in 0.006770 seconds
Number of updated asset objects reloaded before import = 0
Number of asset objects unloaded after import = 3
========================================================================
Received Import Request.
  Time since last request: 0.000013 seconds.
  path: Assets/TileMaps/Terrain/TileMap5_6.asset
  artifactKey: Guid(ae4d4dd14c8919145b6c244ef2b08bc9) Importer(815301076,1909f56bfc062723c751e8b465ee728b)
Start importing Assets/TileMaps/Terrain/TileMap5_6.asset using Guid(ae4d4dd14c8919145b6c244ef2b08bc9) Importer(815301076,1909f56bfc062723c751e8b465ee728b)  -> (artifact id: '81d89e7be16656c9fff81de83e7b82ff') in 0.003774 seconds
Number of updated asset objects reloaded before import = 0
Number of asset objects unloaded after import = 3
========================================================================
Received Import Request.
  Time since last request: 0.000012 seconds.
  path: Assets/TileMaps/Terrain/TileMap5_19.asset
  artifactKey: Guid(6391ae576979fb6498b02b5ceacef5e8) Importer(815301076,1909f56bfc062723c751e8b465ee728b)
Start importing Assets/TileMaps/Terrain/TileMap5_19.asset using Guid(6391ae576979fb6498b02b5ceacef5e8) Importer(815301076,1909f56bfc062723c751e8b465ee728b)  -> (artifact id: '61b0cfde2a44c21d94bae2410ac478af') in 0.003592 seconds
Number of updated asset objects reloaded before import = 0
Number of asset objects unloaded after import = 3
========================================================================
Received Import Request.
  Time since last request: 0.000010 seconds.
  path: Assets/TileMaps/Terrain/TileMap5_8.asset
  artifactKey: Guid(aceeb414d83a5f14cb9fb50dff7026bd) Importer(815301076,1909f56bfc062723c751e8b465ee728b)
Start importing Assets/TileMaps/Terrain/TileMap5_8.asset using Guid(aceeb414d83a5f14cb9fb50dff7026bd) Importer(815301076,1909f56bfc062723c751e8b465ee728b)  -> (artifact id: 'cb452832379722b63cdc3750cf8a5263') in 0.004712 seconds
Number of updated asset objects reloaded before import = 0
Number of asset objects unloaded after import = 3
========================================================================
Received Import Request.
  Time since last request: 0.000011 seconds.
  path: Assets/TileMaps/Terrain/TileMap5_11.asset
  artifactKey: Guid(a6ccff60bfe9d4445a4e0eeaa48a0615) Importer(815301076,1909f56bfc062723c751e8b465ee728b)
Start importing Assets/TileMaps/Terrain/TileMap5_11.asset using Guid(a6ccff60bfe9d4445a4e0eeaa48a0615) Importer(815301076,1909f56bfc062723c751e8b465ee728b)  -> (artifact id: 'f0a1df83825c40fdac316c964983ab26') in 0.005245 seconds
Number of updated asset objects reloaded before import = 0
Number of asset objects unloaded after import = 3
========================================================================
Received Import Request.
  Time since last request: 0.000011 seconds.
  path: Assets/TileMaps/Terrain/TileMap5_17.asset
  artifactKey: Guid(44751ae2835d9584db9e830add961841) Importer(815301076,1909f56bfc062723c751e8b465ee728b)
Start importing Assets/TileMaps/Terrain/TileMap5_17.asset using Guid(44751ae2835d9584db9e830add961841) Importer(815301076,1909f56bfc062723c751e8b465ee728b)  -> (artifact id: 'f9b38bc38df483fd8088d5ec6379e4fd') in 0.007485 seconds
Number of updated asset objects reloaded before import = 0
Number of asset objects unloaded after import = 3
Editor requested this worker to shutdown with reason: Scaling down because of idle timeout
AssetImportWorker is now disconnected from the server
Process exiting
Exiting without the bug reporter. Application will terminate with return code 0